couchbase-shell v0.4.0 (/Users/charlesdixon/dev/couchbase-shell)
├── ansi_term v0.12.1
├── async-stream v0.2.1
│   ├── async-stream-impl v0.2.1
│   │   ├── proc-macro2 v1.0.24
│   │   │   └── unicode-xid v0.2.1
│   │   ├── quote v1.0.7
│   │   │   └── proc-macro2 v1.0.24 (*)
│   │   └── syn v1.0.45
│   │       ├── proc-macro2 v1.0.24 (*)
│   │       ├── quote v1.0.7 (*)
│   │       └── unicode-xid v0.2.1
│   └── futures-core v0.3.6
├── async-trait v0.1.41
│   ├── proc-macro2 v1.0.24 (*)
│   ├── quote v1.0.7 (*)
│   └── syn v1.0.45 (*)
├── chrono v0.4.19
│   ├── libc v0.2.79
│   ├── num-integer v0.1.43
│   │   └── num-traits v0.2.12
│   │       [build-dependencies]
│   │       └── autocfg v1.0.1
│   │   [build-dependencies]
│   │   └── autocfg v1.0.1
│   ├── num-traits v0.2.12 (*)
│   ├── serde v1.0.117
│   │   └── serde_derive v1.0.117
│   │       ├── proc-macro2 v1.0.24 (*)
│   │       ├── quote v1.0.7 (*)
│   │       └── syn v1.0.45 (*)
│   └── time v0.1.44
│       └── libc v0.2.79
├── couchbase v1.0.0-alpha.5 (https://github.com/couchbaselabs/couchbase-rs?rev=d0bd71d62f3697b39b69d956cbfd25eaeeaa17ac#d0bd71d6)
│   ├── couchbase-sys v1.0.0-alpha.5 (https://github.com/couchbaselabs/couchbase-rs?rev=d0bd71d62f3697b39b69d956cbfd25eaeeaa17ac#d0bd71d6)
│   │   └── openssl-sys v0.9.58
│   │       └── libc v0.2.79
│   │       [build-dependencies]
│   │       ├── autocfg v1.0.1
│   │       ├── cc v1.0.61
│   │       │   └── jobserver v0.1.21
│   │       │       └── libc v0.2.79
│   │       └── pkg-config v0.3.19
│   │   [build-dependencies]
│   │   ├── bindgen v0.55.1
│   │   │   ├── bitflags v1.2.1
│   │   │   ├── cexpr v0.4.0
│   │   │   │   └── nom v5.1.2
│   │   │   │       ├── lexical-core v0.7.4
│   │   │   │       │   ├── arrayvec v0.5.1
│   │   │   │       │   ├── bitflags v1.2.1
│   │   │   │       │   ├── cfg-if v0.1.10
│   │   │   │       │   ├── ryu v1.0.5
│   │   │   │       │   └── static_assertions v1.1.0
│   │   │   │       └── memchr v2.3.3
│   │   │   │       [build-dependencies]
│   │   │   │       └── version_check v0.9.2
│   │   │   ├── cfg-if v0.1.10
│   │   │   ├── clang-sys v1.0.1
│   │   │   │   ├── glob v0.3.0
│   │   │   │   ├── libc v0.2.79
│   │   │   │   └── libloading v0.6.4
│   │   │   │       └── cfg-if v0.1.10
│   │   │   │   [build-dependencies]
│   │   │   │   └── glob v0.3.0
│   │   │   ├── env_logger v0.7.1
│   │   │   │   ├── atty v0.2.14
│   │   │   │   │   └── libc v0.2.79
│   │   │   │   ├── humantime v1.3.0
│   │   │   │   │   └── quick-error v1.2.3
│   │   │   │   ├── log v0.4.11
│   │   │   │   │   └── cfg-if v0.1.10
│   │   │   │   ├── regex v1.4.1
│   │   │   │   │   ├── aho-corasick v0.7.14
│   │   │   │   │   │   └── memchr v2.3.3
│   │   │   │   │   ├── memchr v2.3.3
│   │   │   │   │   ├── regex-syntax v0.6.20
│   │   │   │   │   └── thread_local v1.0.1
│   │   │   │   │       └── lazy_static v1.4.0
│   │   │   │   └── termcolor v1.1.0
│   │   │   ├── lazy_static v1.4.0
│   │   │   ├── lazycell v1.3.0
│   │   │   ├── log v0.4.11 (*)
│   │   │   ├── peeking_take_while v0.1.2
│   │   │   ├── proc-macro2 v1.0.24 (*)
│   │   │   ├── quote v1.0.7 (*)
│   │   │   ├── regex v1.4.1 (*)
│   │   │   ├── rustc-hash v1.1.0
│   │   │   ├── shlex v0.1.1
│   │   │   └── which v3.1.1
│   │   │       └── libc v0.2.79
│   │   └── cc v1.0.61 (*)
│   ├── crossbeam-channel v0.4.4
│   │   ├── crossbeam-utils v0.7.2
│   │   │   ├── cfg-if v0.1.10
│   │   │   └── lazy_static v1.4.0
│   │   │   [build-dependencies]
│   │   │   └── autocfg v1.0.1
│   │   └── maybe-uninit v2.0.0
│   ├── futures v0.3.6
│   │   ├── futures-channel v0.3.6
│   │   │   ├── futures-core v0.3.6
│   │   │   └── futures-sink v0.3.6
│   │   ├── futures-core v0.3.6
│   │   ├── futures-executor v0.3.6
│   │   │   ├── futures-core v0.3.6
│   │   │   ├── futures-task v0.3.6
│   │   │   │   └── once_cell v1.4.1
│   │   │   └── futures-util v0.3.6
│   │   │       ├── futures v0.1.30
│   │   │       ├── futures-channel v0.3.6 (*)
│   │   │       ├── futures-core v0.3.6
│   │   │       ├── futures-io v0.3.6
│   │   │       ├── futures-macro v0.3.6
│   │   │       │   ├── proc-macro-hack v0.5.18
│   │   │       │   ├── proc-macro2 v1.0.24 (*)
│   │   │       │   ├── quote v1.0.7 (*)
│   │   │       │   └── syn v1.0.45 (*)
│   │   │       ├── futures-sink v0.3.6
│   │   │       ├── futures-task v0.3.6 (*)
│   │   │       ├── memchr v2.3.3
│   │   │       ├── pin-project v0.4.27
│   │   │       │   └── pin-project-internal v0.4.27
│   │   │       │       ├── proc-macro2 v1.0.24 (*)
│   │   │       │       ├── quote v1.0.7 (*)
│   │   │       │       └── syn v1.0.45 (*)
│   │   │       ├── pin-utils v0.1.0
│   │   │       ├── proc-macro-hack v0.5.18
│   │   │       ├── proc-macro-nested v0.1.6
│   │   │       ├── slab v0.4.2
│   │   │       └── tokio-io v0.1.13
│   │   │           ├── bytes v0.4.12
│   │   │           │   ├── byteorder v1.3.4
│   │   │           │   └── iovec v0.1.4
│   │   │           │       └── libc v0.2.79
│   │   │           ├── futures v0.1.30
│   │   │           └── log v0.4.11 (*)
│   │   ├── futures-io v0.3.6
│   │   ├── futures-sink v0.3.6
│   │   ├── futures-task v0.3.6 (*)
│   │   └── futures-util v0.3.6 (*)
│   ├── log v0.4.11 (*)
│   ├── parse_duration v2.1.0
│   │   ├── lazy_static v1.4.0
│   │   ├── num v0.2.1
│   │   │   ├── num-bigint v0.2.6
│   │   │   │   ├── num-integer v0.1.43 (*)
│   │   │   │   ├── num-traits v0.2.12 (*)
│   │   │   │   └── serde v1.0.117 (*)
│   │   │   │   [build-dependencies]
│   │   │   │   └── autocfg v1.0.1
│   │   │   ├── num-complex v0.2.4
│   │   │   │   └── num-traits v0.2.12 (*)
│   │   │   │   [build-dependencies]
│   │   │   │   └── autocfg v1.0.1
│   │   │   ├── num-integer v0.1.43 (*)
│   │   │   ├── num-iter v0.1.41
│   │   │   │   ├── num-integer v0.1.43 (*)
│   │   │   │   └── num-traits v0.2.12 (*)
│   │   │   │   [build-dependencies]
│   │   │   │   └── autocfg v1.0.1
│   │   │   ├── num-rational v0.2.4
│   │   │   │   ├── num-bigint v0.2.6 (*)
│   │   │   │   ├── num-integer v0.1.43 (*)
│   │   │   │   └── num-traits v0.2.12 (*)
│   │   │   │   [build-dependencies]
│   │   │   │   └── autocfg v1.0.1
│   │   │   └── num-traits v0.2.12 (*)
│   │   └── regex v1.4.1 (*)
│   ├── serde v1.0.117 (*)
│   ├── serde_derive v1.0.117 (*)
│   ├── serde_json v1.0.59
│   │   ├── indexmap v1.6.0
│   │   │   ├── hashbrown v0.9.1
│   │   │   │   └── ahash v0.4.6
│   │   │   └── serde v1.0.117 (*)
│   │   │   [build-dependencies]
│   │   │   └── autocfg v1.0.1
│   │   ├── itoa v0.4.6
│   │   ├── ryu v1.0.5
│   │   └── serde v1.0.117 (*)
│   ├── serde_urlencoded v0.6.1
│   │   ├── dtoa v0.4.6
│   │   ├── itoa v0.4.6
│   │   ├── serde v1.0.117 (*)
│   │   └── url v2.1.1
│   │       ├── idna v0.2.0
│   │       │   ├── matches v0.1.8
│   │       │   ├── unicode-bidi v0.3.4
│   │       │   │   └── matches v0.1.8
│   │       │   └── unicode-normalization v0.1.13
│   │       │       └── tinyvec v0.3.4
│   │       ├── matches v0.1.8
│   │       └── percent-encoding v2.1.0
│   ├── snafu v0.6.9
│   │   ├── doc-comment v0.3.3
│   │   └── snafu-derive v0.6.9
│   │       ├── proc-macro2 v1.0.24 (*)
│   │       ├── quote v1.0.7 (*)
│   │       └── syn v1.0.45 (*)
│   └── uuid v0.8.1
│       └── rand v0.7.3
│           ├── getrandom v0.1.15
│           │   ├── cfg-if v0.1.10
│           │   └── libc v0.2.79
│           ├── libc v0.2.79
│           ├── rand_chacha v0.2.2
│           │   ├── ppv-lite86 v0.2.9
│           │   └── rand_core v0.5.1
│           │       └── getrandom v0.1.15 (*)
│           ├── rand_core v0.5.1 (*)
│           └── rand_pcg v0.2.1
│               └── rand_core v0.5.1 (*)
│   [build-dependencies]
│   └── cc v1.0.61 (*)
├── dirs v2.0.2
│   ├── cfg-if v0.1.10
│   └── dirs-sys v0.3.5
│       └── libc v0.2.79
├── fake v2.2.3
│   ├── chrono v0.4.19 (*)
│   └── rand v0.7.3 (*)
├── futures v0.3.6 (*)
├── http v0.2.1
│   ├── bytes v0.5.6
│   ├── fnv v1.0.7
│   └── itoa v0.4.6
├── humantime-serde v1.0.1
│   ├── humantime v2.0.1
│   └── serde v1.0.117 (*)
├── jq-rs v0.4.1
│   └── jq-sys v0.2.2
│       [build-dependencies]
│       ├── jq-src v0.4.1
│       │   └── autotools v0.2.1
│       │       └── cc v1.0.61 (*)
│       └── pkg-config v0.3.19
├── log v0.4.11 (*)
├── mime_guess v2.0.3
│   ├── mime v0.3.16
│   └── unicase v2.6.0
│       [build-dependencies]
│       └── version_check v0.9.2
│   [build-dependencies]
│   └── unicase v2.6.0 (*)
├── nu v0.23.0 (https://github.com/daschl/nushell.git?branch=main#1cbfb2ab)
│   ├── clap v2.33.3
│   │   ├── ansi_term v0.11.0
│   │   ├── atty v0.2.14 (*)
│   │   ├── bitflags v1.2.1
│   │   ├── strsim v0.8.0
│   │   ├── term_size v0.3.2
│   │   │   └── libc v0.2.79
│   │   ├── textwrap v0.11.0
│   │   │   ├── term_size v0.3.2 (*)
│   │   │   └── unicode-width v0.1.8
│   │   ├── unicode-width v0.1.8
│   │   └── vec_map v0.8.2
│   ├── futures v0.3.6 (*)
│   ├── itertools v0.9.0
│   │   └── either v1.6.1
│   ├── log v0.4.11 (*)
│   ├── nu-cli v0.23.0 (https://github.com/daschl/nushell.git?branch=main#1cbfb2ab)
│   │   ├── Inflector v0.11.4
│   │   │   ├── lazy_static v1.4.0
│   │   │   └── regex v1.4.1 (*)
│   │   ├── ansi_term v0.12.1
│   │   ├── async-recursion v0.3.1
│   │   │   ├── proc-macro2 v1.0.24 (*)
│   │   │   ├── quote v1.0.7 (*)
│   │   │   └── syn v1.0.45 (*)
│   │   ├── async-trait v0.1.41 (*)
│   │   ├── base64 v0.12.3
│   │   ├── bigdecimal v0.2.0
│   │   │   ├── num-bigint v0.3.0
│   │   │   │   ├── num-integer v0.1.43 (*)
│   │   │   │   ├── num-traits v0.2.12 (*)
│   │   │   │   └── serde v1.0.117 (*)
│   │   │   │   [build-dependencies]
│   │   │   │   └── autocfg v1.0.1
│   │   │   ├── num-integer v0.1.43 (*)
│   │   │   ├── num-traits v0.2.12 (*)
│   │   │   └── serde v1.0.117 (*)
│   │   ├── byte-unit v4.0.9
│   │   │   └── utf8-width v0.1.4
│   │   ├── bytes v0.5.6
│   │   ├── calamine v0.16.2
│   │   │   ├── byteorder v1.3.4
│   │   │   ├── codepage v0.1.1
│   │   │   │   └── encoding_rs v0.8.24
│   │   │   │       └── cfg-if v0.1.10
│   │   │   ├── encoding_rs v0.8.24 (*)
│   │   │   ├── log v0.4.11 (*)
│   │   │   ├── quick-xml v0.19.0
│   │   │   │   ├── encoding_rs v0.8.24 (*)
│   │   │   │   └── memchr v2.3.3
│   │   │   ├── serde v1.0.117 (*)
│   │   │   └── zip v0.5.8
│   │   │       ├── byteorder v1.3.4
│   │   │       ├── bzip2 v0.3.3
│   │   │       │   ├── bzip2-sys v0.1.9+1.0.8
│   │   │       │   │   └── libc v0.2.79
│   │   │       │   │   [build-dependencies]
│   │   │       │   │   ├── cc v1.0.61 (*)
│   │   │       │   │   └── pkg-config v0.3.19
│   │   │       │   └── libc v0.2.79
│   │   │       ├── crc32fast v1.2.0
│   │   │       │   └── cfg-if v0.1.10
│   │   │       ├── flate2 v1.0.14
│   │   │       │   ├── cfg-if v0.1.10
│   │   │       │   ├── crc32fast v1.2.0 (*)
│   │   │       │   ├── libc v0.2.79
│   │   │       │   └── miniz_oxide v0.3.7
│   │   │       │       └── adler32 v1.2.0
│   │   │       ├── thiserror v1.0.21
│   │   │       │   └── thiserror-impl v1.0.21
│   │   │       │       ├── proc-macro2 v1.0.24 (*)
│   │   │       │       ├── quote v1.0.7 (*)
│   │   │       │       └── syn v1.0.45 (*)
│   │   │       └── time v0.1.44 (*)
│   │   ├── chrono v0.4.19 (*)
│   │   ├── clap v2.33.3 (*)
│   │   ├── clipboard v0.5.0
│   │   │   ├── objc v0.2.7
│   │   │   │   └── malloc_buf v0.0.6
│   │   │   │       └── libc v0.2.79
│   │   │   ├── objc-foundation v0.1.1
│   │   │   │   ├── block v0.1.6
│   │   │   │   ├── objc v0.2.7 (*)
│   │   │   │   └── objc_id v0.1.1
│   │   │   │       └── objc v0.2.7 (*)
│   │   │   └── objc_id v0.1.1 (*)
│   │   ├── codespan-reporting v0.9.5
│   │   │   ├── serde v1.0.117 (*)
│   │   │   ├── termcolor v1.1.0
│   │   │   └── unicode-width v0.1.8
│   │   ├── csv v1.1.3
│   │   │   ├── bstr v0.2.14
│   │   │   │   ├── lazy_static v1.4.0
│   │   │   │   ├── memchr v2.3.3
│   │   │   │   ├── regex-automata v0.1.9
│   │   │   │   │   └── byteorder v1.3.4
│   │   │   │   └── serde v1.0.117 (*)
│   │   │   ├── csv-core v0.1.10
│   │   │   │   └── memchr v2.3.3
│   │   │   ├── itoa v0.4.6
│   │   │   ├── ryu v1.0.5
│   │   │   └── serde v1.0.117 (*)
│   │   ├── ctrlc v3.1.7
│   │   │   └── nix v0.18.0
│   │   │       ├── bitflags v1.2.1
│   │   │       ├── cfg-if v0.1.10
│   │   │       └── libc v0.2.79
│   │   ├── derive-new v0.5.8
│   │   │   ├── proc-macro2 v1.0.24 (*)
│   │   │   ├── quote v1.0.7 (*)
│   │   │   └── syn v1.0.45 (*)
│   │   ├── directories v3.0.1
│   │   │   └── dirs-sys v0.3.5 (*)
│   │   ├── dirs v3.0.1
│   │   │   └── dirs-sys v0.3.5 (*)
│   │   ├── dtparse v1.2.0
│   │   │   ├── chrono v0.4.19 (*)
│   │   │   ├── chrono-tz v0.5.3
│   │   │   │   └── chrono v0.4.19 (*)
│   │   │   │   [build-dependencies]
│   │   │   │   └── parse-zoneinfo v0.3.0
│   │   │   │       └── regex v1.4.1 (*)
│   │   │   ├── lazy_static v1.4.0
│   │   │   ├── num-traits v0.2.12 (*)
│   │   │   └── rust_decimal v0.10.2
│   │   │       ├── byteorder v1.3.4
│   │   │       ├── lazy_static v1.4.0
│   │   │       ├── num v0.2.1 (*)
│   │   │       └── serde v1.0.117 (*)
│   │   ├── dunce v1.0.1
│   │   ├── eml-parser v0.1.0
│   │   │   └── regex v1.4.1 (*)
│   │   ├── encoding_rs v0.8.24 (*)
│   │   ├── filesize v0.2.0
│   │   ├── fs_extra v1.2.0
│   │   ├── futures v0.3.6 (*)
│   │   ├── futures-util v0.3.6 (*)
│   │   ├── futures_codec v0.4.1
│   │   │   ├── bytes v0.5.6
│   │   │   ├── futures v0.3.6 (*)
│   │   │   ├── memchr v2.3.3
│   │   │   └── pin-project v0.4.27 (*)
│   │   ├── getset v0.1.1
│   │   │   ├── proc-macro-error v1.0.4
│   │   │   │   ├── proc-macro-error-attr v1.0.4
│   │   │   │   │   ├── proc-macro2 v1.0.24 (*)
│   │   │   │   │   └── quote v1.0.7 (*)
│   │   │   │   │   [build-dependencies]
│   │   │   │   │   └── version_check v0.9.2
│   │   │   │   ├── proc-macro2 v1.0.24 (*)
│   │   │   │   ├── quote v1.0.7 (*)
│   │   │   │   └── syn v1.0.45 (*)
│   │   │   │   [build-dependencies]
│   │   │   │   └── version_check v0.9.2
│   │   │   ├── proc-macro2 v1.0.24 (*)
│   │   │   ├── quote v1.0.7 (*)
│   │   │   └── syn v1.0.45 (*)
│   │   ├── git2 v0.13.12
│   │   │   ├── bitflags v1.2.1
│   │   │   ├── libc v0.2.79
│   │   │   ├── libgit2-sys v0.12.14+1.1.0
│   │   │   │   ├── libc v0.2.79
│   │   │   │   ├── libssh2-sys v0.2.19
│   │   │   │   │   ├── libc v0.2.79
│   │   │   │   │   ├── libz-sys v1.1.2
│   │   │   │   │   │   └── libc v0.2.79
│   │   │   │   │   │   [build-dependencies]
│   │   │   │   │   │   ├── cc v1.0.61 (*)
│   │   │   │   │   │   └── pkg-config v0.3.19
│   │   │   │   │   └── openssl-sys v0.9.58 (*)
│   │   │   │   │   [build-dependencies]
│   │   │   │   │   ├── cc v1.0.61 (*)
│   │   │   │   │   └── pkg-config v0.3.19
│   │   │   │   ├── libz-sys v1.1.2 (*)
│   │   │   │   └── openssl-sys v0.9.58 (*)
│   │   │   │   [build-dependencies]
│   │   │   │   ├── cc v1.0.61 (*)
│   │   │   │   └── pkg-config v0.3.19
│   │   │   ├── log v0.4.11 (*)
│   │   │   └── url v2.1.1 (*)
│   │   ├── glob v0.3.0
│   │   ├── heim v0.1.0-beta.3
│   │   │   ├── heim-common v0.1.0-beta.1
│   │   │   │   ├── cfg-if v0.1.10
│   │   │   │   ├── core-foundation v0.7.0
│   │   │   │   │   ├── core-foundation-sys v0.7.0
│   │   │   │   │   └── libc v0.2.79
│   │   │   │   ├── futures-core v0.3.6
│   │   │   │   ├── futures-util v0.3.6 (*)
│   │   │   │   ├── lazy_static v1.4.0
│   │   │   │   ├── libc v0.2.79
│   │   │   │   ├── mach v0.3.2
│   │   │   │   │   └── libc v0.2.79
│   │   │   │   ├── nix v0.17.0
│   │   │   │   │   ├── bitflags v1.2.1
│   │   │   │   │   ├── cfg-if v0.1.10
│   │   │   │   │   ├── libc v0.2.79
│   │   │   │   │   └── void v1.0.2
│   │   │   │   ├── pin-utils v0.1.0
│   │   │   │   └── uom v0.28.0
│   │   │   │       ├── num-rational v0.2.4 (*)
│   │   │   │       ├── num-traits v0.2.12 (*)
│   │   │   │       └── typenum v1.12.0
│   │   │   ├── heim-cpu v0.1.0-beta.3
│   │   │   │   ├── cfg-if v0.1.10
│   │   │   │   ├── futures v0.3.6 (*)
│   │   │   │   ├── heim-common v0.1.0-beta.1 (*)
│   │   │   │   ├── heim-runtime v0.1.0-beta.1
│   │   │   │   │   ├── futures v0.3.6 (*)
│   │   │   │   │   ├── futures-timer v3.0.2
│   │   │   │   │   ├── smol v0.1.18
│   │   │   │   │   │   ├── async-task v3.0.0
│   │   │   │   │   │   ├── blocking v0.4.7
│   │   │   │   │   │   │   ├── async-channel v1.5.1
│   │   │   │   │   │   │   │   ├── concurrent-queue v1.2.2
│   │   │   │   │   │   │   │   │   └── cache-padded v1.1.1
│   │   │   │   │   │   │   │   ├── event-listener v2.5.1
│   │   │   │   │   │   │   │   └── futures-core v0.3.6
│   │   │   │   │   │   │   ├── atomic-waker v1.0.0
│   │   │   │   │   │   │   ├── futures-lite v0.1.11
│   │   │   │   │   │   │   │   ├── fastrand v1.4.0
│   │   │   │   │   │   │   │   ├── futures-core v0.3.6
│   │   │   │   │   │   │   │   ├── futures-io v0.3.6
│   │   │   │   │   │   │   │   ├── memchr v2.3.3
│   │   │   │   │   │   │   │   ├── parking v2.0.0
│   │   │   │   │   │   │   │   ├── pin-project-lite v0.1.10
│   │   │   │   │   │   │   │   └── waker-fn v1.1.0
│   │   │   │   │   │   │   ├── once_cell v1.4.1
│   │   │   │   │   │   │   ├── parking v1.0.6
│   │   │   │   │   │   │   └── waker-fn v1.1.0
│   │   │   │   │   │   ├── concurrent-queue v1.2.2 (*)
│   │   │   │   │   │   ├── fastrand v1.4.0
│   │   │   │   │   │   ├── futures-io v0.3.6
│   │   │   │   │   │   ├── futures-util v0.3.6 (*)
│   │   │   │   │   │   ├── libc v0.2.79
│   │   │   │   │   │   ├── once_cell v1.4.1
│   │   │   │   │   │   ├── scoped-tls v1.0.0
│   │   │   │   │   │   ├── slab v0.4.2
│   │   │   │   │   │   └── socket2 v0.3.15
│   │   │   │   │   │       ├── cfg-if v0.1.10
│   │   │   │   │   │       └── libc v0.2.79
│   │   │   │   │   └── version-sync v0.9.1
│   │   │   │   │       ├── proc-macro2 v1.0.24 (*)
│   │   │   │   │       ├── pulldown-cmark v0.7.2
│   │   │   │   │       │   ├── bitflags v1.2.1
│   │   │   │   │       │   ├── memchr v2.3.3
│   │   │   │   │       │   └── unicase v2.6.0 (*)
│   │   │   │   │       ├── regex v1.4.1 (*)
│   │   │   │   │       ├── semver-parser v0.9.0
│   │   │   │   │       ├── syn v1.0.45 (*)
│   │   │   │   │       ├── toml v0.5.7
│   │   │   │   │       │   └── serde v1.0.117 (*)
│   │   │   │   │       └── url v2.1.1 (*)
│   │   │   │   ├── lazy_static v1.4.0
│   │   │   │   ├── libc v0.2.79
│   │   │   │   └── mach v0.3.2 (*)
│   │   │   ├── heim-disk v0.1.0-beta.1
│   │   │   │   ├── bitflags v1.2.1
│   │   │   │   ├── cfg-if v0.1.10
│   │   │   │   ├── core-foundation v0.7.0 (*)
│   │   │   │   ├── heim-common v0.1.0-beta.1 (*)
│   │   │   │   ├── heim-runtime v0.1.0-beta.1 (*)
│   │   │   │   ├── libc v0.2.79
│   │   │   │   └── mach v0.3.2 (*)
│   │   │   ├── heim-host v0.1.0-beta.1
│   │   │   │   ├── cfg-if v0.1.10
│   │   │   │   ├── heim-common v0.1.0-beta.1 (*)
│   │   │   │   ├── heim-runtime v0.1.0-beta.1 (*)
│   │   │   │   ├── lazy_static v1.4.0
│   │   │   │   ├── libc v0.2.79
│   │   │   │   ├── log v0.4.11 (*)
│   │   │   │   ├── mach v0.3.2 (*)
│   │   │   │   └── platforms v0.2.1
│   │   │   ├── heim-memory v0.1.0-beta.1
│   │   │   │   ├── cfg-if v0.1.10
│   │   │   │   ├── heim-common v0.1.0-beta.1 (*)
│   │   │   │   ├── heim-runtime v0.1.0-beta.1 (*)
│   │   │   │   ├── lazy_static v1.4.0
│   │   │   │   ├── libc v0.2.79
│   │   │   │   └── mach v0.3.2 (*)
│   │   │   ├── heim-net v0.1.0-beta.2
│   │   │   │   ├── bitflags v1.2.1
│   │   │   │   ├── cfg-if v0.1.10
│   │   │   │   ├── heim-common v0.1.0-beta.1 (*)
│   │   │   │   ├── heim-runtime v0.1.0-beta.1 (*)
│   │   │   │   ├── libc v0.2.79
│   │   │   │   ├── macaddr v1.0.1
│   │   │   │   └── nix v0.17.0 (*)
│   │   │   ├── heim-process v0.1.1-beta.3
│   │   │   │   ├── async-trait v0.1.41 (*)
│   │   │   │   ├── cfg-if v0.1.10
│   │   │   │   ├── darwin-libproc v0.1.2
│   │   │   │   │   ├── darwin-libproc-sys v0.1.2
│   │   │   │   │   │   └── libc v0.2.79
│   │   │   │   │   ├── libc v0.2.79
│   │   │   │   │   └── memchr v2.3.3
│   │   │   │   ├── futures v0.3.6 (*)
│   │   │   │   ├── heim-common v0.1.0-beta.1 (*)
│   │   │   │   ├── heim-cpu v0.1.0-beta.3 (*)
│   │   │   │   ├── heim-runtime v0.1.0-beta.1 (*)
│   │   │   │   ├── lazy_static v1.4.0
│   │   │   │   ├── libc v0.2.79
│   │   │   │   ├── mach v0.3.2 (*)
│   │   │   │   ├── memchr v2.3.3
│   │   │   │   └── ordered-float v1.0.2
│   │   │   │       └── num-traits v0.2.12 (*)
│   │   │   ├── heim-runtime v0.1.0-beta.1 (*)
│   │   │   └── heim-sensors v0.1.0-beta.1
│   │   │       ├── cfg-if v0.1.10
│   │   │       ├── heim-common v0.1.0-beta.1 (*)
│   │   │       └── heim-runtime v0.1.0-beta.1 (*)
│   │   ├── htmlescape v0.3.1
│   │   ├── ical v0.6.0
│   │   │   └── failure v0.1.8
│   │   │       ├── backtrace v0.3.53
│   │   │       │   ├── addr2line v0.13.0
│   │   │       │   │   └── gimli v0.22.0
│   │   │       │   ├── cfg-if v1.0.0
│   │   │       │   ├── libc v0.2.79
│   │   │       │   ├── miniz_oxide v0.4.3
│   │   │       │   │   └── adler v0.2.3
│   │   │       │   │   [build-dependencies]
│   │   │       │   │   └── autocfg v1.0.1
│   │   │       │   ├── object v0.21.1
│   │   │       │   └── rustc-demangle v0.1.17
│   │   │       └── failure_derive v0.1.8
│   │   │           ├── proc-macro2 v1.0.24 (*)
│   │   │           ├── quote v1.0.7 (*)
│   │   │           ├── syn v1.0.45 (*)
│   │   │           └── synstructure v0.12.4
│   │   │               ├── proc-macro2 v1.0.24 (*)
│   │   │               ├── quote v1.0.7 (*)
│   │   │               ├── syn v1.0.45 (*)
│   │   │               └── unicode-xid v0.2.1
│   │   ├── ichwh v0.3.4
│   │   │   ├── async-std v1.6.5
│   │   │   │   ├── async-attributes v1.1.1
│   │   │   │   │   ├── quote v1.0.7 (*)
│   │   │   │   │   └── syn v1.0.45 (*)
│   │   │   │   ├── async-global-executor v1.4.2
│   │   │   │   │   ├── async-executor v1.3.0
│   │   │   │   │   │   ├── async-task v4.0.3
│   │   │   │   │   │   ├── concurrent-queue v1.2.2 (*)
│   │   │   │   │   │   ├── fastrand v1.4.0
│   │   │   │   │   │   ├── futures-lite v1.11.1
│   │   │   │   │   │   │   ├── fastrand v1.4.0
│   │   │   │   │   │   │   ├── futures-core v0.3.6
│   │   │   │   │   │   │   ├── futures-io v0.3.6
│   │   │   │   │   │   │   ├── memchr v2.3.3
│   │   │   │   │   │   │   ├── parking v2.0.0
│   │   │   │   │   │   │   ├── pin-project-lite v0.1.10
│   │   │   │   │   │   │   └── waker-fn v1.1.0
│   │   │   │   │   │   ├── once_cell v1.4.1
│   │   │   │   │   │   └── vec-arena v1.0.0
│   │   │   │   │   ├── async-io v1.1.6
│   │   │   │   │   │   ├── concurrent-queue v1.2.2 (*)
│   │   │   │   │   │   ├── fastrand v1.4.0
│   │   │   │   │   │   ├── futures-lite v1.11.1 (*)
│   │   │   │   │   │   ├── log v0.4.11 (*)
│   │   │   │   │   │   ├── nb-connect v1.0.2
│   │   │   │   │   │   │   └── libc v0.2.79
│   │   │   │   │   │   ├── once_cell v1.4.1
│   │   │   │   │   │   ├── parking v2.0.0
│   │   │   │   │   │   ├── polling v1.1.0
│   │   │   │   │   │   │   ├── cfg-if v0.1.10
│   │   │   │   │   │   │   ├── libc v0.2.79
│   │   │   │   │   │   │   └── log v0.4.11 (*)
│   │   │   │   │   │   ├── vec-arena v1.0.0
│   │   │   │   │   │   └── waker-fn v1.1.0
│   │   │   │   │   ├── futures-lite v1.11.1 (*)
│   │   │   │   │   ├── num_cpus v1.13.0
│   │   │   │   │   │   └── libc v0.2.79
│   │   │   │   │   └── once_cell v1.4.1
│   │   │   │   ├── async-io v1.1.6 (*)
│   │   │   │   ├── async-mutex v1.4.0
│   │   │   │   │   └── event-listener v2.5.1
│   │   │   │   ├── blocking v1.0.2
│   │   │   │   │   ├── async-channel v1.5.1 (*)
│   │   │   │   │   ├── async-task v4.0.3
│   │   │   │   │   ├── atomic-waker v1.0.0
│   │   │   │   │   ├── fastrand v1.4.0
│   │   │   │   │   ├── futures-lite v1.11.1 (*)
│   │   │   │   │   └── once_cell v1.4.1
│   │   │   │   ├── crossbeam-utils v0.7.2 (*)
│   │   │   │   ├── futures-core v0.3.6
│   │   │   │   ├── futures-io v0.3.6
│   │   │   │   ├── futures-lite v1.11.1 (*)
│   │   │   │   ├── kv-log-macro v1.0.7
│   │   │   │   │   └── log v0.4.11 (*)
│   │   │   │   ├── log v0.4.11 (*)
│   │   │   │   ├── memchr v2.3.3
│   │   │   │   ├── num_cpus v1.13.0 (*)
│   │   │   │   ├── once_cell v1.4.1
│   │   │   │   ├── pin-project-lite v0.1.10
│   │   │   │   ├── pin-utils v0.1.0
│   │   │   │   └── slab v0.4.2
│   │   │   ├── cfg-if v0.1.10
│   │   │   ├── futures v0.3.6 (*)
│   │   │   └── thiserror v1.0.21 (*)
│   │   ├── indexmap v1.6.0 (*)
│   │   ├── itertools v0.9.0 (*)
│   │   ├── lazy_static v1.4.0
│   │   ├── log v0.4.11 (*)
│   │   ├── meval v0.2.0
│   │   │   ├── fnv v1.0.7
│   │   │   └── nom v1.2.4
│   │   ├── nu-data v0.23.0 (https://github.com/daschl/nushell.git?branch=main#1cbfb2ab)
│   │   │   ├── ansi_term v0.12.1
│   │   │   ├── bigdecimal v0.2.0 (*)
│   │   │   ├── byte-unit v4.0.9 (*)
│   │   │   ├── chrono v0.4.19 (*)
│   │   │   ├── derive-new v0.5.8 (*)
│   │   │   ├── directories v3.0.1 (*)
│   │   │   ├── dirs v3.0.1 (*)
│   │   │   ├── getset v0.1.1 (*)
│   │   │   ├── indexmap v1.6.0 (*)
│   │   │   ├── log v0.4.11 (*)
│   │   │   ├── nu-errors v0.23.0 (https://github.com/daschl/nushell.git?branch=main#1cbfb2ab)
│   │   │   │   ├── ansi_term v0.12.1
│   │   │   │   ├── bigdecimal v0.2.0 (*)
│   │   │   │   ├── codespan-reporting v0.9.5 (*)
│   │   │   │   ├── derive-new v0.5.8 (*)
│   │   │   │   ├── getset v0.1.1 (*)
│   │   │   │   ├── glob v0.3.0
│   │   │   │   ├── nu-source v0.23.0 (https://github.com/daschl/nushell.git?branch=main#1cbfb2ab)
│   │   │   │   │   ├── derive-new v0.5.8 (*)
│   │   │   │   │   ├── getset v0.1.1 (*)
│   │   │   │   │   ├── pretty v0.5.2
│   │   │   │   │   │   └── typed-arena v1.7.0
│   │   │   │   │   ├── serde v1.0.117 (*)
│   │   │   │   │   └── termcolor v1.1.0
│   │   │   │   ├── num-bigint v0.3.0 (*)
│   │   │   │   ├── num-traits v0.2.12 (*)
│   │   │   │   ├── serde v1.0.117 (*)
│   │   │   │   ├── serde_json v1.0.59 (*)
│   │   │   │   ├── serde_yaml v0.8.13
│   │   │   │   │   ├── dtoa v0.4.6
│   │   │   │   │   ├── linked-hash-map v0.5.3
│   │   │   │   │   ├── serde v1.0.117 (*)
│   │   │   │   │   └── yaml-rust v0.4.4
│   │   │   │   │       └── linked-hash-map v0.5.3
│   │   │   │   └── toml v0.5.7 (*)
│   │   │   ├── nu-protocol v0.23.0 (https://github.com/daschl/nushell.git?branch=main#1cbfb2ab)
│   │   │   │   ├── bigdecimal v0.2.0 (*)
│   │   │   │   ├── byte-unit v4.0.9 (*)
│   │   │   │   ├── chrono v0.4.19 (*)
│   │   │   │   ├── derive-new v0.5.8 (*)
│   │   │   │   ├── getset v0.1.1 (*)
│   │   │   │   ├── indexmap v1.6.0 (*)
│   │   │   │   ├── log v0.4.11 (*)
│   │   │   │   ├── nu-errors v0.23.0 (https://github.com/daschl/nushell.git?branch=main#1cbfb2ab) (*)
│   │   │   │   ├── nu-source v0.23.0 (https://github.com/daschl/nushell.git?branch=main#1cbfb2ab) (*)
│   │   │   │   ├── num-bigint v0.3.0 (*)
│   │   │   │   ├── num-integer v0.1.43 (*)
│   │   │   │   ├── num-traits v0.2.12 (*)
│   │   │   │   ├── serde v1.0.117 (*)
│   │   │   │   ├── serde_bytes v0.11.5
│   │   │   │   │   └── serde v1.0.117 (*)
│   │   │   │   ├── serde_json v1.0.59 (*)
│   │   │   │   ├── serde_yaml v0.8.13 (*)
│   │   │   │   └── toml v0.5.7 (*)
│   │   │   ├── nu-source v0.23.0 (https://github.com/daschl/nushell.git?branch=main#1cbfb2ab) (*)
│   │   │   ├── nu-table v0.23.0 (https://github.com/daschl/nushell.git?branch=main#1cbfb2ab)
│   │   │   │   ├── ansi_term v0.12.1
│   │   │   │   └── unicode-width v0.1.8
│   │   │   ├── nu-test-support v0.23.0 (https://github.com/daschl/nushell.git?branch=main#1cbfb2ab)
│   │   │   │   ├── bigdecimal v0.2.0 (*)
│   │   │   │   ├── chrono v0.4.19 (*)
│   │   │   │   ├── dunce v1.0.1
│   │   │   │   ├── getset v0.1.1 (*)
│   │   │   │   ├── glob v0.3.0
│   │   │   │   ├── indexmap v1.6.0 (*)
│   │   │   │   ├── nu-errors v0.23.0 (https://github.com/daschl/nushell.git?branch=main#1cbfb2ab) (*)
│   │   │   │   ├── nu-protocol v0.23.0 (https://github.com/daschl/nushell.git?branch=main#1cbfb2ab) (*)
│   │   │   │   ├── nu-source v0.23.0 (https://github.com/daschl/nushell.git?branch=main#1cbfb2ab) (*)
│   │   │   │   ├── nu-value-ext v0.23.0 (https://github.com/daschl/nushell.git?branch=main#1cbfb2ab)
│   │   │   │   │   ├── indexmap v1.6.0 (*)
│   │   │   │   │   ├── itertools v0.9.0 (*)
│   │   │   │   │   ├── nu-errors v0.23.0 (https://github.com/daschl/nushell.git?branch=main#1cbfb2ab) (*)
│   │   │   │   │   ├── nu-protocol v0.23.0 (https://github.com/daschl/nushell.git?branch=main#1cbfb2ab) (*)
│   │   │   │   │   ├── nu-source v0.23.0 (https://github.com/daschl/nushell.git?branch=main#1cbfb2ab) (*)
│   │   │   │   │   └── num-traits v0.2.12 (*)
│   │   │   │   ├── num-bigint v0.3.0 (*)
│   │   │   │   └── tempfile v3.1.0
│   │   │   │       ├── cfg-if v0.1.10
│   │   │   │       ├── libc v0.2.79
│   │   │   │       ├── rand v0.7.3 (*)
│   │   │   │       └── remove_dir_all v0.5.3
│   │   │   ├── nu-value-ext v0.23.0 (https://github.com/daschl/nushell.git?branch=main#1cbfb2ab) (*)
│   │   │   ├── num-bigint v0.3.0 (*)
│   │   │   ├── num-format v0.4.0
│   │   │   │   ├── arrayvec v0.4.12
│   │   │   │   │   └── nodrop v0.1.14
│   │   │   │   ├── itoa v0.4.6
│   │   │   │   └── num-bigint v0.2.6 (*)
│   │   │   ├── num-traits v0.2.12 (*)
│   │   │   ├── parking_lot v0.11.0
│   │   │   │   ├── instant v0.1.7
│   │   │   │   │   └── cfg-if v0.1.10
│   │   │   │   ├── lock_api v0.4.1
│   │   │   │   │   └── scopeguard v1.1.0
│   │   │   │   └── parking_lot_core v0.8.0
│   │   │   │       ├── cfg-if v0.1.10
│   │   │   │       ├── instant v0.1.7 (*)
│   │   │   │       ├── libc v0.2.79
│   │   │   │       └── smallvec v1.4.2
│   │   │   ├── query_interface v0.3.5
│   │   │   ├── serde v1.0.117 (*)
│   │   │   ├── toml v0.5.7 (*)
│   │   │   └── users v0.10.0
│   │   │       ├── libc v0.2.79
│   │   │       └── log v0.4.11 (*)
│   │   ├── nu-errors v0.23.0 (https://github.com/daschl/nushell.git?branch=main#1cbfb2ab) (*)
│   │   ├── nu-json v0.23.0 (https://github.com/daschl/nushell.git?branch=main#1cbfb2ab)
│   │   │   ├── lazy_static v1.4.0
│   │   │   ├── num-traits v0.1.43
│   │   │   │   └── num-traits v0.2.12 (*)
│   │   │   ├── regex v1.4.1 (*)
│   │   │   └── serde v0.8.23
│   │   ├── nu-parser v0.23.0 (https://github.com/daschl/nushell.git?branch=main#1cbfb2ab)
│   │   │   ├── bigdecimal v0.2.0 (*)
│   │   │   ├── codespan-reporting v0.9.5 (*)
│   │   │   ├── derive-new v0.5.8 (*)
│   │   │   ├── indexmap v1.6.0 (*)
│   │   │   ├── log v0.4.11 (*)
│   │   │   ├── nu-errors v0.23.0 (https://github.com/daschl/nushell.git?branch=main#1cbfb2ab) (*)
│   │   │   ├── nu-protocol v0.23.0 (https://github.com/daschl/nushell.git?branch=main#1cbfb2ab) (*)
│   │   │   ├── nu-source v0.23.0 (https://github.com/daschl/nushell.git?branch=main#1cbfb2ab) (*)
│   │   │   ├── num-bigint v0.3.0 (*)
│   │   │   ├── num-traits v0.2.12 (*)
│   │   │   ├── serde v1.0.117 (*)
│   │   │   └── shellexpand v2.0.0
│   │   │       └── dirs v2.0.2 (*)
│   │   ├── nu-plugin v0.23.0 (https://github.com/daschl/nushell.git?branch=main#1cbfb2ab)
│   │   │   ├── bigdecimal v0.2.0 (*)
│   │   │   ├── indexmap v1.6.0 (*)
│   │   │   ├── nu-errors v0.23.0 (https://github.com/daschl/nushell.git?branch=main#1cbfb2ab) (*)
│   │   │   ├── nu-protocol v0.23.0 (https://github.com/daschl/nushell.git?branch=main#1cbfb2ab) (*)
│   │   │   ├── nu-source v0.23.0 (https://github.com/daschl/nushell.git?branch=main#1cbfb2ab) (*)
│   │   │   ├── nu-test-support v0.23.0 (https://github.com/daschl/nushell.git?branch=main#1cbfb2ab) (*)
│   │   │   ├── nu-value-ext v0.23.0 (https://github.com/daschl/nushell.git?branch=main#1cbfb2ab) (*)
│   │   │   ├── num-bigint v0.3.0 (*)
│   │   │   ├── serde v1.0.117 (*)
│   │   │   └── serde_json v1.0.59 (*)
│   │   ├── nu-protocol v0.23.0 (https://github.com/daschl/nushell.git?branch=main#1cbfb2ab) (*)
│   │   ├── nu-source v0.23.0 (https://github.com/daschl/nushell.git?branch=main#1cbfb2ab) (*)
│   │   ├── nu-table v0.23.0 (https://github.com/daschl/nushell.git?branch=main#1cbfb2ab) (*)
│   │   ├── nu-test-support v0.23.0 (https://github.com/daschl/nushell.git?branch=main#1cbfb2ab) (*)
│   │   ├── nu-value-ext v0.23.0 (https://github.com/daschl/nushell.git?branch=main#1cbfb2ab) (*)
│   │   ├── num-bigint v0.3.0 (*)
│   │   ├── num-format v0.4.0 (*)
│   │   ├── num-traits v0.2.12 (*)
│   │   ├── parking_lot v0.11.0 (*)
│   │   ├── pin-utils v0.1.0
│   │   ├── pretty-hex v0.2.1
│   │   ├── ptree v0.3.0
│   │   │   ├── ansi_term v0.12.1
│   │   │   ├── atty v0.2.14 (*)
│   │   │   ├── config v0.10.1
│   │   │   │   ├── lazy_static v1.4.0
│   │   │   │   ├── nom v5.1.2 (*)
│   │   │   │   ├── rust-ini v0.13.0
│   │   │   │   ├── serde v1.0.117 (*)
│   │   │   │   ├── serde-hjson v0.9.1
│   │   │   │   │   ├── lazy_static v1.4.0
│   │   │   │   │   ├── linked-hash-map v0.3.0
│   │   │   │   │   │   ├── serde v0.8.23
│   │   │   │   │   │   └── serde_test v0.8.23
│   │   │   │   │   │       └── serde v0.8.23
│   │   │   │   │   ├── num-traits v0.1.43 (*)
│   │   │   │   │   ├── regex v1.4.1 (*)
│   │   │   │   │   └── serde v0.8.23
│   │   │   │   ├── serde_json v1.0.59 (*)
│   │   │   │   ├── toml v0.5.7 (*)
│   │   │   │   └── yaml-rust v0.4.4 (*)
│   │   │   ├── directories v2.0.2
│   │   │   │   ├── cfg-if v0.1.10
│   │   │   │   └── dirs-sys v0.3.5 (*)
│   │   │   ├── petgraph v0.5.1
│   │   │   │   ├── fixedbitset v0.2.0
│   │   │   │   └── indexmap v1.6.0 (*)
│   │   │   ├── serde v1.0.117 (*)
│   │   │   ├── serde-value v0.6.0
│   │   │   │   ├── ordered-float v1.0.2 (*)
│   │   │   │   └── serde v1.0.117 (*)
│   │   │   └── tint v1.0.1
│   │   │       └── lazy_static v0.2.11
│   │   ├── query_interface v0.3.5
│   │   ├── quick-xml v0.18.1
│   │   │   └── memchr v2.3.3
│   │   ├── rand v0.7.3 (*)
│   │   ├── rayon v1.4.1
│   │   │   ├── crossbeam-deque v0.7.3
│   │   │   │   ├── crossbeam-epoch v0.8.2
│   │   │   │   │   ├── cfg-if v0.1.10
│   │   │   │   │   ├── crossbeam-utils v0.7.2 (*)
│   │   │   │   │   ├── lazy_static v1.4.0
│   │   │   │   │   ├── maybe-uninit v2.0.0
│   │   │   │   │   ├── memoffset v0.5.6
│   │   │   │   │   │   [build-dependencies]
│   │   │   │   │   │   └── autocfg v1.0.1
│   │   │   │   │   └── scopeguard v1.1.0
│   │   │   │   │   [build-dependencies]
│   │   │   │   │   └── autocfg v1.0.1
│   │   │   │   ├── crossbeam-utils v0.7.2 (*)
│   │   │   │   └── maybe-uninit v2.0.0
│   │   │   ├── either v1.6.1
│   │   │   └── rayon-core v1.8.1
│   │   │       ├── crossbeam-channel v0.4.4 (*)
│   │   │       ├── crossbeam-deque v0.7.3 (*)
│   │   │       ├── crossbeam-utils v0.7.2 (*)
│   │   │       ├── lazy_static v1.4.0
│   │   │       └── num_cpus v1.13.0 (*)
│   │   │   [build-dependencies]
│   │   │   └── autocfg v1.0.1
│   │   ├── regex v1.4.1 (*)
│   │   ├── roxmltree v0.13.0
│   │   │   └── xmlparser v0.13.3
│   │   ├── rust-embed v5.6.0
│   │   │   ├── rust-embed-impl v5.6.0
│   │   │   │   ├── quote v1.0.7 (*)
│   │   │   │   ├── rust-embed-utils v5.0.0
│   │   │   │   │   └── walkdir v2.3.1
│   │   │   │   │       └── same-file v1.0.6
│   │   │   │   ├── syn v1.0.45 (*)
│   │   │   │   └── walkdir v2.3.1 (*)
│   │   │   ├── rust-embed-utils v5.0.0 (*)
│   │   │   └── walkdir v2.3.1 (*)
│   │   ├── rustyline v6.3.0
│   │   │   ├── cfg-if v0.1.10
│   │   │   ├── dirs-next v1.0.2
│   │   │   │   ├── cfg-if v1.0.0
│   │   │   │   └── dirs-sys-next v0.1.1
│   │   │   │       └── libc v0.2.79
│   │   │   ├── libc v0.2.79
│   │   │   ├── log v0.4.11 (*)
│   │   │   ├── memchr v2.3.3
│   │   │   ├── nix v0.18.0 (*)
│   │   │   ├── unicode-segmentation v1.6.0
│   │   │   ├── unicode-width v0.1.8
│   │   │   └── utf8parse v0.2.0
│   │   ├── serde v1.0.117 (*)
│   │   ├── serde_bytes v0.11.5 (*)
│   │   ├── serde_ini v0.2.0
│   │   │   ├── result v1.0.0
│   │   │   ├── serde v1.0.117 (*)
│   │   │   └── void v1.0.2
│   │   ├── serde_json v1.0.59 (*)
│   │   ├── serde_urlencoded v0.7.0
│   │   │   ├── form_urlencoded v1.0.0
│   │   │   │   ├── matches v0.1.8
│   │   │   │   └── percent-encoding v2.1.0
│   │   │   ├── itoa v0.4.6
│   │   │   ├── ryu v1.0.5
│   │   │   └── serde v1.0.117 (*)
│   │   ├── serde_yaml v0.8.13 (*)
│   │   ├── sha2 v0.9.1
│   │   │   ├── block-buffer v0.9.0
│   │   │   │   └── generic-array v0.14.4
│   │   │   │       └── typenum v1.12.0
│   │   │   │       [build-dependencies]
│   │   │   │       └── version_check v0.9.2
│   │   │   ├── cfg-if v0.1.10
│   │   │   ├── cpuid-bool v0.1.2
│   │   │   ├── digest v0.9.0
│   │   │   │   └── generic-array v0.14.4 (*)
│   │   │   └── opaque-debug v0.3.0
│   │   ├── shellexpand v2.0.0 (*)
│   │   ├── strip-ansi-escapes v0.1.0
│   │   │   └── vte v0.3.3
│   │   │       └── utf8parse v0.1.1
│   │   ├── sxd-document v0.3.2
│   │   │   ├── peresil v0.3.0
│   │   │   └── typed-arena v1.7.0
│   │   ├── sxd-xpath v0.4.2
│   │   │   ├── peresil v0.3.0
│   │   │   ├── quick-error v1.2.3
│   │   │   └── sxd-document v0.3.2 (*)
│   │   ├── tempfile v3.1.0 (*)
│   │   ├── term v0.6.1
│   │   │   └── dirs v2.0.2 (*)
│   │   ├── term_size v0.3.2 (*)
│   │   ├── termcolor v1.1.0
│   │   ├── toml v0.5.7 (*)
│   │   ├── trash v1.2.0
│   │   ├── umask v1.0.0
│   │   ├── unicode-segmentation v1.6.0
│   │   ├── uom v0.28.0 (*)
│   │   ├── url v2.1.1 (*)
│   │   ├── users v0.10.0 (*)
│   │   ├── uuid v0.8.1 (*)
│   │   ├── which v4.0.2
│   │   │   ├── libc v0.2.79
│   │   │   └── thiserror v1.0.21 (*)
│   │   └── zip v0.5.8 (*)
│   │   [build-dependencies]
│   │   └── git2 v0.13.12 (*)
│   ├── nu-data v0.23.0 (https://github.com/daschl/nushell.git?branch=main#1cbfb2ab) (*)
│   ├── nu-errors v0.23.0 (https://github.com/daschl/nushell.git?branch=main#1cbfb2ab) (*)
│   ├── nu-parser v0.23.0 (https://github.com/daschl/nushell.git?branch=main#1cbfb2ab) (*)
│   ├── nu-plugin v0.23.0 (https://github.com/daschl/nushell.git?branch=main#1cbfb2ab) (*)
│   ├── nu-protocol v0.23.0 (https://github.com/daschl/nushell.git?branch=main#1cbfb2ab) (*)
│   ├── nu-source v0.23.0 (https://github.com/daschl/nushell.git?branch=main#1cbfb2ab) (*)
│   ├── nu-value-ext v0.23.0 (https://github.com/daschl/nushell.git?branch=main#1cbfb2ab) (*)
│   ├── nu_plugin_binaryview v0.23.0 (https://github.com/daschl/nushell.git?branch=main#1cbfb2ab)
│   │   ├── ansi_term v0.12.1
│   │   ├── crossterm v0.18.0
│   │   │   ├── bitflags v1.2.1
│   │   │   ├── lazy_static v1.4.0
│   │   │   ├── libc v0.2.79
│   │   │   ├── mio v0.7.3
│   │   │   │   ├── libc v0.2.79
│   │   │   │   └── log v0.4.11 (*)
│   │   │   ├── parking_lot v0.11.0 (*)
│   │   │   └── signal-hook v0.1.16
│   │   │       ├── libc v0.2.79
│   │   │       ├── mio v0.7.3 (*)
│   │   │       └── signal-hook-registry v1.2.1
│   │   │           ├── arc-swap v0.4.7
│   │   │           └── libc v0.2.79
│   │   ├── image v0.22.5
│   │   │   ├── byteorder v1.3.4
│   │   │   ├── jpeg-decoder v0.1.20
│   │   │   │   └── byteorder v1.3.4
│   │   │   ├── num-iter v0.1.41 (*)
│   │   │   ├── num-rational v0.2.4 (*)
│   │   │   ├── num-traits v0.2.12 (*)
│   │   │   └── png v0.15.3
│   │   │       ├── bitflags v1.2.1
│   │   │       ├── crc32fast v1.2.0 (*)
│   │   │       ├── deflate v0.7.20
│   │   │       │   ├── adler32 v1.2.0
│   │   │       │   └── byteorder v1.3.4
│   │   │       └── inflate v0.4.5
│   │   │           └── adler32 v1.2.0
│   │   ├── neso v0.5.0
│   │   │   ├── bincode v1.3.1
│   │   │   │   ├── byteorder v1.3.4
│   │   │   │   └── serde v1.0.117 (*)
│   │   │   ├── cfg-if v0.1.10
│   │   │   ├── log v0.4.11 (*)
│   │   │   ├── serde v1.0.117 (*)
│   │   │   └── serde_derive v1.0.117 (*)
│   │   ├── nu-errors v0.23.0 (https://github.com/daschl/nushell.git?branch=main#1cbfb2ab) (*)
│   │   ├── nu-plugin v0.23.0 (https://github.com/daschl/nushell.git?branch=main#1cbfb2ab) (*)
│   │   ├── nu-protocol v0.23.0 (https://github.com/daschl/nushell.git?branch=main#1cbfb2ab) (*)
│   │   ├── nu-source v0.23.0 (https://github.com/daschl/nushell.git?branch=main#1cbfb2ab) (*)
│   │   ├── pretty-hex v0.2.1
│   │   └── rawkey v0.1.3
│   │       └── readkey v0.1.7
│   ├── nu_plugin_chart v0.23.0 (https://github.com/daschl/nushell.git?branch=main#1cbfb2ab)
│   │   ├── crossterm v0.18.0 (*)
│   │   ├── nu-cli v0.23.0 (https://github.com/daschl/nushell.git?branch=main#1cbfb2ab) (*)
│   │   ├── nu-data v0.23.0 (https://github.com/daschl/nushell.git?branch=main#1cbfb2ab) (*)
│   │   ├── nu-errors v0.23.0 (https://github.com/daschl/nushell.git?branch=main#1cbfb2ab) (*)
│   │   ├── nu-plugin v0.23.0 (https://github.com/daschl/nushell.git?branch=main#1cbfb2ab) (*)
│   │   ├── nu-protocol v0.23.0 (https://github.com/daschl/nushell.git?branch=main#1cbfb2ab) (*)
│   │   ├── nu-source v0.23.0 (https://github.com/daschl/nushell.git?branch=main#1cbfb2ab) (*)
│   │   ├── nu-value-ext v0.23.0 (https://github.com/daschl/nushell.git?branch=main#1cbfb2ab) (*)
│   │   └── tui v0.12.0
│   │       ├── bitflags v1.2.1
│   │       ├── cassowary v0.3.0
│   │       ├── crossterm v0.17.7
│   │       │   ├── bitflags v1.2.1
│   │       │   ├── lazy_static v1.4.0
│   │       │   ├── libc v0.2.79
│   │       │   ├── mio v0.7.3 (*)
│   │       │   ├── parking_lot v0.10.2
│   │       │   │   ├── lock_api v0.3.4
│   │       │   │   │   └── scopeguard v1.1.0
│   │       │   │   └── parking_lot_core v0.7.2
│   │       │   │       ├── cfg-if v0.1.10
│   │       │   │       ├── libc v0.2.79
│   │       │   │       └── smallvec v1.4.2
│   │       │   └── signal-hook v0.1.16 (*)
│   │       ├── unicode-segmentation v1.6.0
│   │       └── unicode-width v0.1.8
│   ├── nu_plugin_fetch v0.23.0 (https://github.com/daschl/nushell.git?branch=main#1cbfb2ab)
│   │   ├── base64 v0.12.3
│   │   ├── futures v0.3.6 (*)
│   │   ├── nu-errors v0.23.0 (https://github.com/daschl/nushell.git?branch=main#1cbfb2ab) (*)
│   │   ├── nu-plugin v0.23.0 (https://github.com/daschl/nushell.git?branch=main#1cbfb2ab) (*)
│   │   ├── nu-protocol v0.23.0 (https://github.com/daschl/nushell.git?branch=main#1cbfb2ab) (*)
│   │   ├── nu-source v0.23.0 (https://github.com/daschl/nushell.git?branch=main#1cbfb2ab) (*)
│   │   ├── surf v1.0.3
│   │   │   ├── futures-preview v0.3.0-alpha.19
│   │   │   │   ├── futures-channel-preview v0.3.0-alpha.19
│   │   │   │   │   ├── futures-core-preview v0.3.0-alpha.19
│   │   │   │   │   └── futures-sink-preview v0.3.0-alpha.19
│   │   │   │   ├── futures-core-preview v0.3.0-alpha.19
│   │   │   │   ├── futures-executor-preview v0.3.0-alpha.19
│   │   │   │   │   ├── futures-core-preview v0.3.0-alpha.19
│   │   │   │   │   ├── futures-util-preview v0.3.0-alpha.19
│   │   │   │   │   │   ├── futures v0.1.30
│   │   │   │   │   │   ├── futures-channel-preview v0.3.0-alpha.19 (*)
│   │   │   │   │   │   ├── futures-core-preview v0.3.0-alpha.19
│   │   │   │   │   │   ├── futures-io-preview v0.3.0-alpha.19
│   │   │   │   │   │   ├── futures-sink-preview v0.3.0-alpha.19
│   │   │   │   │   │   ├── memchr v2.3.3
│   │   │   │   │   │   ├── pin-utils v0.1.0
│   │   │   │   │   │   ├── slab v0.4.2
│   │   │   │   │   │   └── tokio-io v0.1.13 (*)
│   │   │   │   │   └── num_cpus v1.13.0 (*)
│   │   │   │   ├── futures-io-preview v0.3.0-alpha.19
│   │   │   │   ├── futures-sink-preview v0.3.0-alpha.19
│   │   │   │   └── futures-util-preview v0.3.0-alpha.19 (*)
│   │   │   ├── http v0.1.21
│   │   │   │   ├── bytes v0.4.12 (*)
│   │   │   │   ├── fnv v1.0.7
│   │   │   │   └── itoa v0.4.6
│   │   │   ├── isahc v0.7.6
│   │   │   │   ├── bytes v0.4.12 (*)
│   │   │   │   ├── crossbeam-channel v0.3.9
│   │   │   │   │   └── crossbeam-utils v0.6.6
│   │   │   │   │       ├── cfg-if v0.1.10
│   │   │   │   │       └── lazy_static v1.4.0
│   │   │   │   ├── crossbeam-utils v0.6.6 (*)
│   │   │   │   ├── curl v0.4.34
│   │   │   │   │   ├── curl-sys v0.4.38+curl-7.73.0
│   │   │   │   │   │   ├── libc v0.2.79
│   │   │   │   │   │   ├── libnghttp2-sys v0.1.4+1.41.0
│   │   │   │   │   │   │   └── libc v0.2.79
│   │   │   │   │   │   │   [build-dependencies]
│   │   │   │   │   │   │   └── cc v1.0.61 (*)
│   │   │   │   │   │   └── libz-sys v1.1.2 (*)
│   │   │   │   │   │   [build-dependencies]
│   │   │   │   │   │   ├── cc v1.0.61 (*)
│   │   │   │   │   │   └── pkg-config v0.3.19
│   │   │   │   │   ├── libc v0.2.79
│   │   │   │   │   └── socket2 v0.3.15 (*)
│   │   │   │   ├── curl-sys v0.4.38+curl-7.73.0 (*)
│   │   │   │   ├── futures-io-preview v0.3.0-alpha.19
│   │   │   │   ├── futures-util-preview v0.3.0-alpha.19 (*)
│   │   │   │   ├── http v0.1.21 (*)
│   │   │   │   ├── lazy_static v1.4.0
│   │   │   │   ├── log v0.4.11 (*)
│   │   │   │   ├── slab v0.4.2
│   │   │   │   └── sluice v0.4.2
│   │   │   │       ├── futures-channel-preview v0.3.0-alpha.19 (*)
│   │   │   │       ├── futures-core-preview v0.3.0-alpha.19
│   │   │   │       └── futures-io-preview v0.3.0-alpha.19
│   │   │   ├── log v0.4.11 (*)
│   │   │   ├── mime v0.3.16
│   │   │   ├── mime_guess v2.0.3 (*)
│   │   │   ├── serde v1.0.117 (*)
│   │   │   ├── serde_json v1.0.59 (*)
│   │   │   ├── serde_urlencoded v0.6.1 (*)
│   │   │   └── url v2.1.1 (*)
│   │   └── url v2.1.1 (*)
│   ├── nu_plugin_from_bson v0.23.0 (https://github.com/daschl/nushell.git?branch=main#1cbfb2ab)
│   │   ├── bigdecimal v0.2.0 (*)
│   │   ├── bson v0.14.1
│   │   │   ├── byteorder v1.3.4
│   │   │   ├── chrono v0.4.19 (*)
│   │   │   ├── decimal v2.0.4
│   │   │   │   ├── bitflags v1.2.1
│   │   │   │   └── libc v0.2.79
│   │   │   │   [build-dependencies]
│   │   │   │   └── cc v1.0.61 (*)
│   │   │   ├── hex v0.3.2
│   │   │   ├── libc v0.2.79
│   │   │   ├── linked-hash-map v0.5.3
│   │   │   ├── md5 v0.6.1
│   │   │   ├── rand v0.7.3 (*)
│   │   │   ├── serde v1.0.117 (*)
│   │   │   ├── serde_json v1.0.59 (*)
│   │   │   └── time v0.1.44 (*)
│   │   ├── nu-errors v0.23.0 (https://github.com/daschl/nushell.git?branch=main#1cbfb2ab) (*)
│   │   ├── nu-plugin v0.23.0 (https://github.com/daschl/nushell.git?branch=main#1cbfb2ab) (*)
│   │   ├── nu-protocol v0.23.0 (https://github.com/daschl/nushell.git?branch=main#1cbfb2ab) (*)
│   │   ├── nu-source v0.23.0 (https://github.com/daschl/nushell.git?branch=main#1cbfb2ab) (*)
│   │   ├── nu-value-ext v0.23.0 (https://github.com/daschl/nushell.git?branch=main#1cbfb2ab) (*)
│   │   └── num-traits v0.2.12 (*)
│   ├── nu_plugin_from_sqlite v0.23.0 (https://github.com/daschl/nushell.git?branch=main#1cbfb2ab)
│   │   ├── bigdecimal v0.2.0 (*)
│   │   ├── nu-errors v0.23.0 (https://github.com/daschl/nushell.git?branch=main#1cbfb2ab) (*)
│   │   ├── nu-plugin v0.23.0 (https://github.com/daschl/nushell.git?branch=main#1cbfb2ab) (*)
│   │   ├── nu-protocol v0.23.0 (https://github.com/daschl/nushell.git?branch=main#1cbfb2ab) (*)
│   │   ├── nu-source v0.23.0 (https://github.com/daschl/nushell.git?branch=main#1cbfb2ab) (*)
│   │   ├── nu-value-ext v0.23.0 (https://github.com/daschl/nushell.git?branch=main#1cbfb2ab) (*)
│   │   ├── num-traits v0.2.12 (*)
│   │   ├── rusqlite v0.24.1
│   │   │   ├── bitflags v1.2.1
│   │   │   ├── fallible-iterator v0.2.0
│   │   │   ├── fallible-streaming-iterator v0.1.9
│   │   │   ├── hashlink v0.6.0
│   │   │   │   └── hashbrown v0.9.1 (*)
│   │   │   ├── libsqlite3-sys v0.20.1
│   │   │   │   [build-dependencies]
│   │   │   │   ├── cc v1.0.61 (*)
│   │   │   │   └── pkg-config v0.3.19
│   │   │   ├── memchr v2.3.3
│   │   │   └── smallvec v1.4.2
│   │   └── tempfile v3.1.0 (*)
│   ├── nu_plugin_inc v0.23.0 (https://github.com/daschl/nushell.git?branch=main#1cbfb2ab)
│   │   ├── nu-errors v0.23.0 (https://github.com/daschl/nushell.git?branch=main#1cbfb2ab) (*)
│   │   ├── nu-plugin v0.23.0 (https://github.com/daschl/nushell.git?branch=main#1cbfb2ab) (*)
│   │   ├── nu-protocol v0.23.0 (https://github.com/daschl/nushell.git?branch=main#1cbfb2ab) (*)
│   │   ├── nu-source v0.23.0 (https://github.com/daschl/nushell.git?branch=main#1cbfb2ab) (*)
│   │   ├── nu-test-support v0.23.0 (https://github.com/daschl/nushell.git?branch=main#1cbfb2ab) (*)
│   │   ├── nu-value-ext v0.23.0 (https://github.com/daschl/nushell.git?branch=main#1cbfb2ab) (*)
│   │   └── semver v0.10.0
│   │       └── semver-parser v0.7.0
│   ├── nu_plugin_match v0.23.0 (https://github.com/daschl/nushell.git?branch=main#1cbfb2ab)
│   │   ├── nu-errors v0.23.0 (https://github.com/daschl/nushell.git?branch=main#1cbfb2ab) (*)
│   │   ├── nu-plugin v0.23.0 (https://github.com/daschl/nushell.git?branch=main#1cbfb2ab) (*)
│   │   ├── nu-protocol v0.23.0 (https://github.com/daschl/nushell.git?branch=main#1cbfb2ab) (*)
│   │   ├── nu-source v0.23.0 (https://github.com/daschl/nushell.git?branch=main#1cbfb2ab) (*)
│   │   └── regex v1.4.1 (*)
│   ├── nu_plugin_post v0.23.0 (https://github.com/daschl/nushell.git?branch=main#1cbfb2ab)
│   │   ├── base64 v0.12.3
│   │   ├── futures v0.3.6 (*)
│   │   ├── nu-errors v0.23.0 (https://github.com/daschl/nushell.git?branch=main#1cbfb2ab) (*)
│   │   ├── nu-plugin v0.23.0 (https://github.com/daschl/nushell.git?branch=main#1cbfb2ab) (*)
│   │   ├── nu-protocol v0.23.0 (https://github.com/daschl/nushell.git?branch=main#1cbfb2ab) (*)
│   │   ├── nu-source v0.23.0 (https://github.com/daschl/nushell.git?branch=main#1cbfb2ab) (*)
│   │   ├── num-traits v0.2.12 (*)
│   │   ├── serde_json v1.0.59 (*)
│   │   ├── surf v1.0.3 (*)
│   │   └── url v2.1.1 (*)
│   ├── nu_plugin_ps v0.23.0 (https://github.com/daschl/nushell.git?branch=main#1cbfb2ab)
│   │   ├── futures v0.3.6 (*)
│   │   ├── futures-timer v3.0.2
│   │   ├── heim v0.1.0-beta.3 (*)
│   │   ├── nu-errors v0.23.0 (https://github.com/daschl/nushell.git?branch=main#1cbfb2ab) (*)
│   │   ├── nu-plugin v0.23.0 (https://github.com/daschl/nushell.git?branch=main#1cbfb2ab) (*)
│   │   ├── nu-protocol v0.23.0 (https://github.com/daschl/nushell.git?branch=main#1cbfb2ab) (*)
│   │   ├── nu-source v0.23.0 (https://github.com/daschl/nushell.git?branch=main#1cbfb2ab) (*)
│   │   └── num-bigint v0.3.0 (*)
│   ├── nu_plugin_s3 v0.23.0 (https://github.com/daschl/nushell.git?branch=main#1cbfb2ab)
│   │   ├── futures v0.3.6 (*)
│   │   ├── nu-errors v0.23.0 (https://github.com/daschl/nushell.git?branch=main#1cbfb2ab) (*)
│   │   ├── nu-plugin v0.23.0 (https://github.com/daschl/nushell.git?branch=main#1cbfb2ab) (*)
│   │   ├── nu-protocol v0.23.0 (https://github.com/daschl/nushell.git?branch=main#1cbfb2ab) (*)
│   │   ├── nu-source v0.23.0 (https://github.com/daschl/nushell.git?branch=main#1cbfb2ab) (*)
│   │   └── s3handler v0.5.3
│   │       ├── base64 v0.6.0
│   │       │   ├── byteorder v1.3.4
│   │       │   └── safemem v0.2.0
│   │       ├── chrono v0.4.19 (*)
│   │       ├── colored v1.9.3
│   │       │   ├── atty v0.2.14 (*)
│   │       │   └── lazy_static v1.4.0
│   │       ├── failure v0.1.8 (*)
│   │       ├── failure_derive v0.1.8 (*)
│   │       ├── hmac v0.4.2
│   │       │   ├── crypto-mac v0.4.0
│   │       │   │   ├── constant_time_eq v0.1.5
│   │       │   │   └── generic-array v0.8.3
│   │       │   │       ├── nodrop v0.1.14
│   │       │   │       └── typenum v1.12.0
│   │       │   ├── digest v0.6.2
│   │       │   │   └── generic-array v0.8.3 (*)
│   │       │   └── generic-array v0.8.3 (*)
│   │       ├── hmac-sha1 v0.1.3
│   │       │   └── sha1 v0.2.0
│   │       ├── http v0.1.21 (*)
│   │       ├── hyper v0.11.27
│   │       │   ├── base64 v0.9.3
│   │       │   │   ├── byteorder v1.3.4
│   │       │   │   └── safemem v0.3.3
│   │       │   ├── bytes v0.4.12 (*)
│   │       │   ├── futures v0.1.30
│   │       │   ├── futures-cpupool v0.1.8
│   │       │   │   ├── futures v0.1.30
│   │       │   │   └── num_cpus v1.13.0 (*)
│   │       │   ├── httparse v1.3.4
│   │       │   ├── iovec v0.1.4 (*)
│   │       │   ├── language-tags v0.2.2
│   │       │   ├── log v0.4.11 (*)
│   │       │   ├── mime v0.3.16
│   │       │   ├── net2 v0.2.35
│   │       │   │   ├── cfg-if v0.1.10
│   │       │   │   └── libc v0.2.79
│   │       │   ├── percent-encoding v1.0.1
│   │       │   ├── relay v0.1.1
│   │       │   │   └── futures v0.1.30
│   │       │   ├── time v0.1.44 (*)
│   │       │   ├── tokio-core v0.1.17
│   │       │   │   ├── bytes v0.4.12 (*)
│   │       │   │   ├── futures v0.1.30
│   │       │   │   ├── iovec v0.1.4 (*)
│   │       │   │   ├── log v0.4.11 (*)
│   │       │   │   ├── mio v0.6.22
│   │       │   │   │   ├── cfg-if v0.1.10
│   │       │   │   │   ├── iovec v0.1.4 (*)
│   │       │   │   │   ├── libc v0.2.79
│   │       │   │   │   ├── log v0.4.11 (*)
│   │       │   │   │   ├── net2 v0.2.35 (*)
│   │       │   │   │   └── slab v0.4.2
│   │       │   │   ├── scoped-tls v0.1.2
│   │       │   │   ├── tokio v0.1.22
│   │       │   │   │   ├── bytes v0.4.12 (*)
│   │       │   │   │   ├── futures v0.1.30
│   │       │   │   │   ├── mio v0.6.22 (*)
│   │       │   │   │   ├── num_cpus v1.13.0 (*)
│   │       │   │   │   ├── tokio-codec v0.1.2
│   │       │   │   │   │   ├── bytes v0.4.12 (*)
│   │       │   │   │   │   ├── futures v0.1.30
│   │       │   │   │   │   └── tokio-io v0.1.13 (*)
│   │       │   │   │   ├── tokio-current-thread v0.1.7
│   │       │   │   │   │   ├── futures v0.1.30
│   │       │   │   │   │   └── tokio-executor v0.1.10
│   │       │   │   │   │       ├── crossbeam-utils v0.7.2 (*)
│   │       │   │   │   │       └── futures v0.1.30
│   │       │   │   │   ├── tokio-executor v0.1.10 (*)
│   │       │   │   │   ├── tokio-fs v0.1.7
│   │       │   │   │   │   ├── futures v0.1.30
│   │       │   │   │   │   ├── tokio-io v0.1.13 (*)
│   │       │   │   │   │   └── tokio-threadpool v0.1.18
│   │       │   │   │   │       ├── crossbeam-deque v0.7.3 (*)
│   │       │   │   │   │       ├── crossbeam-queue v0.2.3
│   │       │   │   │   │       │   ├── cfg-if v0.1.10
│   │       │   │   │   │       │   ├── crossbeam-utils v0.7.2 (*)
│   │       │   │   │   │       │   └── maybe-uninit v2.0.0
│   │       │   │   │   │       ├── crossbeam-utils v0.7.2 (*)
│   │       │   │   │   │       ├── futures v0.1.30
│   │       │   │   │   │       ├── lazy_static v1.4.0
│   │       │   │   │   │       ├── log v0.4.11 (*)
│   │       │   │   │   │       ├── num_cpus v1.13.0 (*)
│   │       │   │   │   │       ├── slab v0.4.2
│   │       │   │   │   │       └── tokio-executor v0.1.10 (*)
│   │       │   │   │   ├── tokio-io v0.1.13 (*)
│   │       │   │   │   ├── tokio-reactor v0.1.12
│   │       │   │   │   │   ├── crossbeam-utils v0.7.2 (*)
│   │       │   │   │   │   ├── futures v0.1.30
│   │       │   │   │   │   ├── lazy_static v1.4.0
│   │       │   │   │   │   ├── log v0.4.11 (*)
│   │       │   │   │   │   ├── mio v0.6.22 (*)
│   │       │   │   │   │   ├── num_cpus v1.13.0 (*)
│   │       │   │   │   │   ├── parking_lot v0.9.0
│   │       │   │   │   │   │   ├── lock_api v0.3.4 (*)
│   │       │   │   │   │   │   └── parking_lot_core v0.6.2
│   │       │   │   │   │   │       ├── cfg-if v0.1.10
│   │       │   │   │   │   │       ├── libc v0.2.79
│   │       │   │   │   │   │       └── smallvec v0.6.13
│   │       │   │   │   │   │           └── maybe-uninit v2.0.0
│   │       │   │   │   │   │       [build-dependencies]
│   │       │   │   │   │   │       └── rustc_version v0.2.3
│   │       │   │   │   │   │           └── semver v0.9.0
│   │       │   │   │   │   │               └── semver-parser v0.7.0
│   │       │   │   │   │   │   [build-dependencies]
│   │       │   │   │   │   │   └── rustc_version v0.2.3 (*)
│   │       │   │   │   │   ├── slab v0.4.2
│   │       │   │   │   │   ├── tokio-executor v0.1.10 (*)
│   │       │   │   │   │   ├── tokio-io v0.1.13 (*)
│   │       │   │   │   │   └── tokio-sync v0.1.8
│   │       │   │   │   │       ├── fnv v1.0.7
│   │       │   │   │   │       └── futures v0.1.30
│   │       │   │   │   ├── tokio-sync v0.1.8 (*)
│   │       │   │   │   ├── tokio-tcp v0.1.4
│   │       │   │   │   │   ├── bytes v0.4.12 (*)
│   │       │   │   │   │   ├── futures v0.1.30
│   │       │   │   │   │   ├── iovec v0.1.4 (*)
│   │       │   │   │   │   ├── mio v0.6.22 (*)
│   │       │   │   │   │   ├── tokio-io v0.1.13 (*)
│   │       │   │   │   │   └── tokio-reactor v0.1.12 (*)
│   │       │   │   │   ├── tokio-threadpool v0.1.18 (*)
│   │       │   │   │   ├── tokio-timer v0.2.13
│   │       │   │   │   │   ├── crossbeam-utils v0.7.2 (*)
│   │       │   │   │   │   ├── futures v0.1.30
│   │       │   │   │   │   ├── slab v0.4.2
│   │       │   │   │   │   └── tokio-executor v0.1.10 (*)
│   │       │   │   │   ├── tokio-udp v0.1.6
│   │       │   │   │   │   ├── bytes v0.4.12 (*)
│   │       │   │   │   │   ├── futures v0.1.30
│   │       │   │   │   │   ├── log v0.4.11 (*)
│   │       │   │   │   │   ├── mio v0.6.22 (*)
│   │       │   │   │   │   ├── tokio-codec v0.1.2 (*)
│   │       │   │   │   │   ├── tokio-io v0.1.13 (*)
│   │       │   │   │   │   └── tokio-reactor v0.1.12 (*)
│   │       │   │   │   └── tokio-uds v0.2.7
│   │       │   │   │       ├── bytes v0.4.12 (*)
│   │       │   │   │       ├── futures v0.1.30
│   │       │   │   │       ├── iovec v0.1.4 (*)
│   │       │   │   │       ├── libc v0.2.79
│   │       │   │   │       ├── log v0.4.11 (*)
│   │       │   │   │       ├── mio v0.6.22 (*)
│   │       │   │   │       ├── mio-uds v0.6.8
│   │       │   │   │       │   ├── iovec v0.1.4 (*)
│   │       │   │   │       │   ├── libc v0.2.79
│   │       │   │   │       │   └── mio v0.6.22 (*)
│   │       │   │   │       ├── tokio-codec v0.1.2 (*)
│   │       │   │   │       ├── tokio-io v0.1.13 (*)
│   │       │   │   │       └── tokio-reactor v0.1.12 (*)
│   │       │   │   ├── tokio-executor v0.1.10 (*)
│   │       │   │   ├── tokio-io v0.1.13 (*)
│   │       │   │   ├── tokio-reactor v0.1.12 (*)
│   │       │   │   └── tokio-timer v0.2.13 (*)
│   │       │   ├── tokio-io v0.1.13 (*)
│   │       │   ├── tokio-proto v0.1.1
│   │       │   │   ├── futures v0.1.30
│   │       │   │   ├── log v0.3.9
│   │       │   │   │   └── log v0.4.11 (*)
│   │       │   │   ├── net2 v0.2.35 (*)
│   │       │   │   ├── rand v0.3.23
│   │       │   │   │   ├── libc v0.2.79
│   │       │   │   │   └── rand v0.4.6
│   │       │   │   │       └── libc v0.2.79
│   │       │   │   ├── slab v0.3.0
│   │       │   │   ├── smallvec v0.2.1
│   │       │   │   ├── take v0.1.0
│   │       │   │   ├── tokio-core v0.1.17 (*)
│   │       │   │   ├── tokio-io v0.1.13 (*)
│   │       │   │   └── tokio-service v0.1.0
│   │       │   │       └── futures v0.1.30
│   │       │   ├── tokio-service v0.1.0 (*)
│   │       │   ├── unicase v2.6.0 (*)
│   │       │   └── want v0.0.4
│   │       │       ├── futures v0.1.30
│   │       │       ├── log v0.4.11 (*)
│   │       │       └── try-lock v0.1.0
│   │       ├── log v0.4.11 (*)
│   │       ├── md5 v0.3.8
│   │       ├── mime_guess v2.0.3 (*)
│   │       ├── quick-xml v0.12.4
│   │       │   ├── encoding_rs v0.8.24 (*)
│   │       │   ├── failure v0.1.8 (*)
│   │       │   ├── log v0.4.11 (*)
│   │       │   └── memchr v2.3.3
│   │       ├── regex v0.2.11
│   │       │   ├── aho-corasick v0.6.10
│   │       │   │   └── memchr v2.3.3
│   │       │   ├── memchr v2.3.3
│   │       │   ├── regex-syntax v0.5.6
│   │       │   │   └── ucd-util v0.1.8
│   │       │   ├── thread_local v0.3.6
│   │       │   │   └── lazy_static v1.4.0
│   │       │   └── utf8-ranges v1.0.4
│   │       ├── reqwest v0.10.8
│   │       │   ├── base64 v0.12.3
│   │       │   ├── bytes v0.5.6
│   │       │   ├── encoding_rs v0.8.24 (*)
│   │       │   ├── futures-core v0.3.6
│   │       │   ├── futures-util v0.3.6 (*)
│   │       │   ├── http v0.2.1 (*)
│   │       │   ├── http-body v0.3.1
│   │       │   │   ├── bytes v0.5.6
│   │       │   │   └── http v0.2.1 (*)
│   │       │   ├── hyper v0.13.8
│   │       │   │   ├── bytes v0.5.6
│   │       │   │   ├── futures-channel v0.3.6 (*)
│   │       │   │   ├── futures-core v0.3.6
│   │       │   │   ├── futures-util v0.3.6 (*)
│   │       │   │   ├── h2 v0.2.6
│   │       │   │   │   ├── bytes v0.5.6
│   │       │   │   │   ├── fnv v1.0.7
│   │       │   │   │   ├── futures-core v0.3.6
│   │       │   │   │   ├── futures-sink v0.3.6
│   │       │   │   │   ├── futures-util v0.3.6 (*)
│   │       │   │   │   ├── http v0.2.1 (*)
│   │       │   │   │   ├── indexmap v1.6.0 (*)
│   │       │   │   │   ├── slab v0.4.2
│   │       │   │   │   ├── tokio v0.2.22
│   │       │   │   │   │   ├── bytes v0.5.6
│   │       │   │   │   │   ├── fnv v1.0.7
│   │       │   │   │   │   ├── futures-core v0.3.6
│   │       │   │   │   │   ├── iovec v0.1.4 (*)
│   │       │   │   │   │   ├── lazy_static v1.4.0
│   │       │   │   │   │   ├── libc v0.2.79
│   │       │   │   │   │   ├── memchr v2.3.3
│   │       │   │   │   │   ├── mio v0.6.22 (*)
│   │       │   │   │   │   ├── mio-uds v0.6.8 (*)
│   │       │   │   │   │   ├── num_cpus v1.13.0 (*)
│   │       │   │   │   │   ├── pin-project-lite v0.1.10
│   │       │   │   │   │   ├── signal-hook-registry v1.2.1 (*)
│   │       │   │   │   │   ├── slab v0.4.2
│   │       │   │   │   │   └── tokio-macros v0.2.5
│   │       │   │   │   │       ├── proc-macro2 v1.0.24 (*)
│   │       │   │   │   │       ├── quote v1.0.7 (*)
│   │       │   │   │   │       └── syn v1.0.45 (*)
│   │       │   │   │   ├── tokio-util v0.3.1
│   │       │   │   │   │   ├── bytes v0.5.6
│   │       │   │   │   │   ├── futures-core v0.3.6
│   │       │   │   │   │   ├── futures-sink v0.3.6
│   │       │   │   │   │   ├── log v0.4.11 (*)
│   │       │   │   │   │   ├── pin-project-lite v0.1.10
│   │       │   │   │   │   └── tokio v0.2.22 (*)
│   │       │   │   │   └── tracing v0.1.21
│   │       │   │   │       ├── cfg-if v0.1.10
│   │       │   │   │       ├── log v0.4.11 (*)
│   │       │   │   │       ├── pin-project-lite v0.1.10
│   │       │   │   │       └── tracing-core v0.1.17
│   │       │   │   │           └── lazy_static v1.4.0
│   │       │   │   ├── http v0.2.1 (*)
│   │       │   │   ├── http-body v0.3.1 (*)
│   │       │   │   ├── httparse v1.3.4
│   │       │   │   ├── httpdate v0.3.2
│   │       │   │   ├── itoa v0.4.6
│   │       │   │   ├── pin-project v0.4.27 (*)
│   │       │   │   ├── socket2 v0.3.15 (*)
│   │       │   │   ├── tokio v0.2.22 (*)
│   │       │   │   ├── tower-service v0.3.0
│   │       │   │   ├── tracing v0.1.21 (*)
│   │       │   │   └── want v0.3.0
│   │       │   │       ├── log v0.4.11 (*)
│   │       │   │       └── try-lock v0.2.3
│   │       │   ├── hyper-tls v0.4.3
│   │       │   │   ├── bytes v0.5.6
│   │       │   │   ├── hyper v0.13.8 (*)
│   │       │   │   ├── native-tls v0.2.4
│   │       │   │   │   ├── lazy_static v1.4.0
│   │       │   │   │   ├── libc v0.2.79
│   │       │   │   │   ├── security-framework v0.4.4
│   │       │   │   │   │   ├── bitflags v1.2.1
│   │       │   │   │   │   ├── core-foundation v0.7.0 (*)
│   │       │   │   │   │   ├── core-foundation-sys v0.7.0
│   │       │   │   │   │   ├── libc v0.2.79
│   │       │   │   │   │   └── security-framework-sys v0.4.3
│   │       │   │   │   │       ├── core-foundation-sys v0.7.0
│   │       │   │   │   │       └── libc v0.2.79
│   │       │   │   │   ├── security-framework-sys v0.4.3 (*)
│   │       │   │   │   └── tempfile v3.1.0 (*)
│   │       │   │   ├── tokio v0.2.22 (*)
│   │       │   │   └── tokio-tls v0.3.1
│   │       │   │       ├── native-tls v0.2.4 (*)
│   │       │   │       └── tokio v0.2.22 (*)
│   │       │   ├── ipnet v2.3.0
│   │       │   ├── lazy_static v1.4.0
│   │       │   ├── log v0.4.11 (*)
│   │       │   ├── mime v0.3.16
│   │       │   ├── mime_guess v2.0.3 (*)
│   │       │   ├── native-tls v0.2.4 (*)
│   │       │   ├── percent-encoding v2.1.0
│   │       │   ├── pin-project-lite v0.1.10
│   │       │   ├── serde v1.0.117 (*)
│   │       │   ├── serde_json v1.0.59 (*)
│   │       │   ├── serde_urlencoded v0.6.1 (*)
│   │       │   ├── tokio v0.2.22 (*)
│   │       │   ├── tokio-tls v0.3.1 (*)
│   │       │   └── url v2.1.1 (*)
│   │       ├── rust-crypto v0.2.36
│   │       │   ├── libc v0.2.79
│   │       │   ├── rand v0.3.23 (*)
│   │       │   ├── rustc-serialize v0.3.24
│   │       │   └── time v0.1.44 (*)
│   │       │   [build-dependencies]
│   │       │   └── gcc v0.3.55
│   │       ├── rustc-serialize v0.3.24
│   │       ├── serde v1.0.117 (*)
│   │       ├── serde_derive v1.0.117 (*)
│   │       ├── serde_json v1.0.59 (*)
│   │       ├── sha2 v0.6.0
│   │       │   ├── block-buffer v0.2.0
│   │       │   │   ├── byte-tools v0.2.0
│   │       │   │   └── generic-array v0.8.3 (*)
│   │       │   ├── byte-tools v0.2.0
│   │       │   ├── digest v0.6.2 (*)
│   │       │   ├── fake-simd v0.1.2
│   │       │   └── generic-array v0.8.3 (*)
│   │       └── url v2.1.1 (*)
│   ├── nu_plugin_selector v0.23.0 (https://github.com/daschl/nushell.git?branch=main#1cbfb2ab)
│   │   ├── nipper v0.1.8
│   │   │   ├── cssparser v0.27.2
│   │   │   │   ├── cssparser-macros v0.6.0
│   │   │   │   │   ├── quote v1.0.7 (*)
│   │   │   │   │   └── syn v1.0.45 (*)
│   │   │   │   ├── dtoa-short v0.3.2
│   │   │   │   │   └── dtoa v0.4.6
│   │   │   │   ├── itoa v0.4.6
│   │   │   │   ├── matches v0.1.8
│   │   │   │   ├── phf v0.8.0
│   │   │   │   │   ├── phf_macros v0.8.0
│   │   │   │   │   │   ├── phf_generator v0.8.0
│   │   │   │   │   │   │   ├── phf_shared v0.8.0
│   │   │   │   │   │   │   │   └── siphasher v0.3.3
│   │   │   │   │   │   │   └── rand v0.7.3 (*)
│   │   │   │   │   │   ├── phf_shared v0.8.0 (*)
│   │   │   │   │   │   ├── proc-macro-hack v0.5.18
│   │   │   │   │   │   ├── proc-macro2 v1.0.24 (*)
│   │   │   │   │   │   ├── quote v1.0.7 (*)
│   │   │   │   │   │   └── syn v1.0.45 (*)
│   │   │   │   │   ├── phf_shared v0.8.0 (*)
│   │   │   │   │   └── proc-macro-hack v0.5.18
│   │   │   │   └── smallvec v1.4.2
│   │   │   │   [build-dependencies]
│   │   │   │   ├── proc-macro2 v1.0.24 (*)
│   │   │   │   ├── quote v1.0.7 (*)
│   │   │   │   └── syn v1.0.45 (*)
│   │   │   ├── html5ever v0.25.1
│   │   │   │   ├── log v0.4.11 (*)
│   │   │   │   ├── mac v0.1.1
│   │   │   │   └── markup5ever v0.10.0
│   │   │   │       ├── log v0.4.11 (*)
│   │   │   │       ├── phf v0.8.0 (*)
│   │   │   │       ├── string_cache v0.8.1
│   │   │   │       │   ├── lazy_static v1.4.0
│   │   │   │       │   ├── new_debug_unreachable v1.0.4
│   │   │   │       │   ├── phf_shared v0.8.0 (*)
│   │   │   │       │   ├── precomputed-hash v0.1.1
│   │   │   │       │   └── serde v1.0.117 (*)
│   │   │   │       └── tendril v0.4.1
│   │   │   │           ├── futf v0.1.4
│   │   │   │           │   ├── mac v0.1.1
│   │   │   │           │   └── new_debug_unreachable v1.0.4
│   │   │   │           ├── mac v0.1.1
│   │   │   │           └── utf-8 v0.7.5
│   │   │   │       [build-dependencies]
│   │   │   │       ├── phf_codegen v0.8.0
│   │   │   │       │   ├── phf_generator v0.8.0 (*)
│   │   │   │       │   └── phf_shared v0.8.0 (*)
│   │   │   │       ├── serde v1.0.117 (*)
│   │   │   │       ├── serde_derive v1.0.117 (*)
│   │   │   │       ├── serde_json v1.0.59 (*)
│   │   │   │       └── string_cache_codegen v0.5.1
│   │   │   │           ├── phf_generator v0.8.0 (*)
│   │   │   │           ├── phf_shared v0.8.0 (*)
│   │   │   │           ├── proc-macro2 v1.0.24 (*)
│   │   │   │           └── quote v1.0.7 (*)
│   │   │   │   [build-dependencies]
│   │   │   │   ├── proc-macro2 v1.0.24 (*)
│   │   │   │   ├── quote v1.0.7 (*)
│   │   │   │   └── syn v1.0.45 (*)
│   │   │   ├── markup5ever v0.10.0 (*)
│   │   │   ├── selectors v0.22.0
│   │   │   │   ├── bitflags v1.2.1
│   │   │   │   ├── cssparser v0.27.2 (*)
│   │   │   │   ├── derive_more v0.99.11
│   │   │   │   │   ├── proc-macro2 v1.0.24 (*)
│   │   │   │   │   ├── quote v1.0.7 (*)
│   │   │   │   │   └── syn v1.0.45 (*)
│   │   │   │   ├── fxhash v0.2.1
│   │   │   │   │   └── byteorder v1.3.4
│   │   │   │   ├── log v0.4.11 (*)
│   │   │   │   ├── matches v0.1.8
│   │   │   │   ├── phf v0.8.0 (*)
│   │   │   │   ├── precomputed-hash v0.1.1
│   │   │   │   ├── servo_arc v0.1.1
│   │   │   │   │   ├── nodrop v0.1.14
│   │   │   │   │   └── stable_deref_trait v1.2.0
│   │   │   │   ├── smallvec v1.4.2
│   │   │   │   └── thin-slice v0.1.1
│   │   │   │   [build-dependencies]
│   │   │   │   └── phf_codegen v0.8.0 (*)
│   │   │   └── tendril v0.4.1 (*)
│   │   ├── nu-errors v0.23.0 (https://github.com/daschl/nushell.git?branch=main#1cbfb2ab) (*)
│   │   ├── nu-plugin v0.23.0 (https://github.com/daschl/nushell.git?branch=main#1cbfb2ab) (*)
│   │   ├── nu-protocol v0.23.0 (https://github.com/daschl/nushell.git?branch=main#1cbfb2ab) (*)
│   │   └── nu-source v0.23.0 (https://github.com/daschl/nushell.git?branch=main#1cbfb2ab) (*)
│   ├── nu_plugin_start v0.23.0 (https://github.com/daschl/nushell.git?branch=main#1cbfb2ab)
│   │   ├── glob v0.3.0
│   │   ├── nu-errors v0.23.0 (https://github.com/daschl/nushell.git?branch=main#1cbfb2ab) (*)
│   │   ├── nu-plugin v0.23.0 (https://github.com/daschl/nushell.git?branch=main#1cbfb2ab) (*)
│   │   ├── nu-protocol v0.23.0 (https://github.com/daschl/nushell.git?branch=main#1cbfb2ab) (*)
│   │   ├── nu-source v0.23.0 (https://github.com/daschl/nushell.git?branch=main#1cbfb2ab) (*)
│   │   ├── open v1.4.0
│   │   └── url v2.1.1 (*)
│   │   [build-dependencies]
│   │   ├── nu-errors v0.23.0 (https://github.com/daschl/nushell.git?branch=main#1cbfb2ab) (*)
│   │   └── nu-source v0.23.0 (https://github.com/daschl/nushell.git?branch=main#1cbfb2ab) (*)
│   ├── nu_plugin_sys v0.23.0 (https://github.com/daschl/nushell.git?branch=main#1cbfb2ab)
│   │   ├── battery v0.7.6
│   │   │   ├── cfg-if v0.1.10
│   │   │   ├── core-foundation v0.7.0 (*)
│   │   │   ├── libc v0.2.79
│   │   │   ├── mach v0.3.2 (*)
│   │   │   ├── num-traits v0.2.12 (*)
│   │   │   └── uom v0.29.0
│   │   │       ├── num-traits v0.2.12 (*)
│   │   │       └── typenum v1.12.0
│   │   ├── futures v0.3.6 (*)
│   │   ├── futures-util v0.3.6 (*)
│   │   ├── heim v0.1.0-beta.3 (*)
│   │   ├── nu-errors v0.23.0 (https://github.com/daschl/nushell.git?branch=main#1cbfb2ab) (*)
│   │   ├── nu-plugin v0.23.0 (https://github.com/daschl/nushell.git?branch=main#1cbfb2ab) (*)
│   │   ├── nu-protocol v0.23.0 (https://github.com/daschl/nushell.git?branch=main#1cbfb2ab) (*)
│   │   ├── nu-source v0.23.0 (https://github.com/daschl/nushell.git?branch=main#1cbfb2ab) (*)
│   │   └── num-bigint v0.3.0 (*)
│   ├── nu_plugin_textview v0.23.0 (https://github.com/daschl/nushell.git?branch=main#1cbfb2ab)
│   │   ├── ansi_term v0.12.1
│   │   ├── bat v0.15.4
│   │   │   ├── ansi_colours v1.0.1
│   │   │   │   [build-dependencies]
│   │   │   │   └── cc v1.0.61 (*)
│   │   │   ├── ansi_term v0.12.1
│   │   │   ├── atty v0.2.14 (*)
│   │   │   ├── clap v2.33.3 (*)
│   │   │   ├── console v0.11.3
│   │   │   │   ├── lazy_static v1.4.0
│   │   │   │   ├── libc v0.2.79
│   │   │   │   ├── regex v1.4.1 (*)
│   │   │   │   ├── terminal_size v0.1.13
│   │   │   │   │   └── libc v0.2.79
│   │   │   │   ├── termios v0.3.3
│   │   │   │   │   └── libc v0.2.79
│   │   │   │   └── unicode-width v0.1.8
│   │   │   ├── content_inspector v0.2.4
│   │   │   │   └── memchr v2.3.3
│   │   │   ├── dirs v2.0.2 (*)
│   │   │   ├── encoding v0.2.33
│   │   │   │   ├── encoding-index-japanese v1.20141219.5
│   │   │   │   │   └── encoding_index_tests v0.1.4
│   │   │   │   ├── encoding-index-korean v1.20141219.5
│   │   │   │   │   └── encoding_index_tests v0.1.4
│   │   │   │   ├── encoding-index-simpchinese v1.20141219.5
│   │   │   │   │   └── encoding_index_tests v0.1.4
│   │   │   │   ├── encoding-index-singlebyte v1.20141219.5
│   │   │   │   │   └── encoding_index_tests v0.1.4
│   │   │   │   └── encoding-index-tradchinese v1.20141219.5
│   │   │   │       └── encoding_index_tests v0.1.4
│   │   │   ├── error-chain v0.12.4
│   │   │   │   [build-dependencies]
│   │   │   │   └── version_check v0.9.2
│   │   │   ├── git2 v0.13.12 (*)
│   │   │   ├── globset v0.4.5
│   │   │   │   ├── aho-corasick v0.7.14 (*)
│   │   │   │   ├── bstr v0.2.14 (*)
│   │   │   │   ├── fnv v1.0.7
│   │   │   │   ├── log v0.4.11 (*)
│   │   │   │   └── regex v1.4.1 (*)
│   │   │   ├── lazy_static v1.4.0
│   │   │   ├── path_abs v0.5.0
│   │   │   │   └── std_prelude v0.2.12
│   │   │   ├── semver v0.9.0 (*)
│   │   │   ├── serde v1.0.117 (*)
│   │   │   ├── serde_yaml v0.8.13 (*)
│   │   │   ├── shell-words v1.0.0
│   │   │   ├── syntect v4.4.0
│   │   │   │   ├── bincode v1.3.1 (*)
│   │   │   │   ├── bitflags v1.2.1
│   │   │   │   ├── fancy-regex v0.3.5
│   │   │   │   │   ├── bit-set v0.5.2
│   │   │   │   │   │   └── bit-vec v0.6.2
│   │   │   │   │   └── regex v1.4.1 (*)
│   │   │   │   ├── flate2 v1.0.14 (*)
│   │   │   │   ├── fnv v1.0.7
│   │   │   │   ├── lazy_static v1.4.0
│   │   │   │   ├── lazycell v1.3.0
│   │   │   │   ├── onig v6.1.0
│   │   │   │   │   ├── bitflags v1.2.1
│   │   │   │   │   ├── lazy_static v1.4.0
│   │   │   │   │   └── onig_sys v69.5.1
│   │   │   │   │       [build-dependencies]
│   │   │   │   │       ├── cc v1.0.61 (*)
│   │   │   │   │       └── pkg-config v0.3.19
│   │   │   │   ├── plist v1.0.0
│   │   │   │   │   ├── base64 v0.12.3
│   │   │   │   │   ├── chrono v0.4.19 (*)
│   │   │   │   │   ├── indexmap v1.6.0 (*)
│   │   │   │   │   ├── line-wrap v0.1.1
│   │   │   │   │   │   └── safemem v0.3.3
│   │   │   │   │   ├── serde v1.0.117 (*)
│   │   │   │   │   └── xml-rs v0.8.3
│   │   │   │   ├── regex-syntax v0.6.20
│   │   │   │   ├── serde v1.0.117 (*)
│   │   │   │   ├── serde_derive v1.0.117 (*)
│   │   │   │   ├── serde_json v1.0.59 (*)
│   │   │   │   ├── walkdir v2.3.1 (*)
│   │   │   │   └── yaml-rust v0.4.4 (*)
│   │   │   ├── unicode-width v0.1.8
│   │   │   └── wild v2.0.4
│   │   │   [build-dependencies]
│   │   │   ├── clap v2.33.3 (*)
│   │   │   └── liquid v0.20.1
│   │   │       ├── doc-comment v0.3.3
│   │   │       ├── kstring v0.1.2
│   │   │       │   └── serde v1.0.117 (*)
│   │   │       ├── liquid-core v0.20.2
│   │   │       │   ├── anymap v0.12.1
│   │   │       │   ├── chrono v0.4.19 (*)
│   │   │       │   ├── itertools v0.9.0 (*)
│   │   │       │   ├── kstring v0.1.2 (*)
│   │   │       │   ├── liquid-derive v0.20.1
│   │   │       │   │   ├── proc-macro2 v1.0.24 (*)
│   │   │       │   │   ├── proc-quote v0.3.2
│   │   │       │   │   │   ├── proc-macro-hack v0.5.18
│   │   │       │   │   │   ├── proc-macro2 v1.0.24 (*)
│   │   │       │   │   │   ├── proc-quote-impl v0.3.2
│   │   │       │   │   │   │   ├── proc-macro-hack v0.5.18
│   │   │       │   │   │   │   ├── proc-macro2 v1.0.24 (*)
│   │   │       │   │   │   │   └── quote v1.0.7 (*)
│   │   │       │   │   │   ├── quote v1.0.7 (*)
│   │   │       │   │   │   └── syn v1.0.45 (*)
│   │   │       │   │   └── syn v1.0.45 (*)
│   │   │       │   ├── num-traits v0.2.12 (*)
│   │   │       │   ├── pest v2.1.3
│   │   │       │   │   └── ucd-trie v0.1.3
│   │   │       │   ├── pest_derive v2.1.0
│   │   │       │   │   ├── pest v2.1.3 (*)
│   │   │       │   │   └── pest_generator v2.1.3
│   │   │       │   │       ├── pest v2.1.3 (*)
│   │   │       │   │       ├── pest_meta v2.1.3
│   │   │       │   │       │   ├── maplit v1.0.2
│   │   │       │   │       │   └── pest v2.1.3 (*)
│   │   │       │   │       │   [build-dependencies]
│   │   │       │   │       │   └── sha-1 v0.8.2
│   │   │       │   │       │       ├── block-buffer v0.7.3
│   │   │       │   │       │       │   ├── block-padding v0.1.5
│   │   │       │   │       │       │   │   └── byte-tools v0.3.1
│   │   │       │   │       │       │   ├── byte-tools v0.3.1
│   │   │       │   │       │       │   ├── byteorder v1.3.4
│   │   │       │   │       │       │   └── generic-array v0.12.3
│   │   │       │   │       │       │       └── typenum v1.12.0
│   │   │       │   │       │       ├── digest v0.8.1
│   │   │       │   │       │       │   └── generic-array v0.12.3 (*)
│   │   │       │   │       │       ├── fake-simd v0.1.2
│   │   │       │   │       │       └── opaque-debug v0.2.3
│   │   │       │   │       ├── proc-macro2 v1.0.24 (*)
│   │   │       │   │       ├── quote v1.0.7 (*)
│   │   │       │   │       └── syn v1.0.45 (*)
│   │   │       │   └── serde v1.0.117 (*)
│   │   │       ├── liquid-derive v0.20.1 (*)
│   │   │       ├── liquid-lib v0.20.2
│   │   │       │   ├── chrono v0.4.19 (*)
│   │   │       │   ├── itertools v0.9.0 (*)
│   │   │       │   ├── kstring v0.1.2 (*)
│   │   │       │   ├── liquid-core v0.20.2 (*)
│   │   │       │   ├── once_cell v1.4.1
│   │   │       │   ├── percent-encoding v2.1.0
│   │   │       │   ├── regex v1.4.1 (*)
│   │   │       │   └── unicode-segmentation v1.6.0
│   │   │       └── serde v1.0.117 (*)
│   │   ├── nu-data v0.23.0 (https://github.com/daschl/nushell.git?branch=main#1cbfb2ab) (*)
│   │   ├── nu-errors v0.23.0 (https://github.com/daschl/nushell.git?branch=main#1cbfb2ab) (*)
│   │   ├── nu-plugin v0.23.0 (https://github.com/daschl/nushell.git?branch=main#1cbfb2ab) (*)
│   │   ├── nu-protocol v0.23.0 (https://github.com/daschl/nushell.git?branch=main#1cbfb2ab) (*)
│   │   ├── nu-source v0.23.0 (https://github.com/daschl/nushell.git?branch=main#1cbfb2ab) (*)
│   │   ├── term_size v0.3.2 (*)
│   │   └── url v2.1.1 (*)
│   ├── nu_plugin_to_bson v0.23.0 (https://github.com/daschl/nushell.git?branch=main#1cbfb2ab)
│   │   ├── bson v0.14.1 (*)
│   │   ├── nu-errors v0.23.0 (https://github.com/daschl/nushell.git?branch=main#1cbfb2ab) (*)
│   │   ├── nu-plugin v0.23.0 (https://github.com/daschl/nushell.git?branch=main#1cbfb2ab) (*)
│   │   ├── nu-protocol v0.23.0 (https://github.com/daschl/nushell.git?branch=main#1cbfb2ab) (*)
│   │   ├── nu-source v0.23.0 (https://github.com/daschl/nushell.git?branch=main#1cbfb2ab) (*)
│   │   ├── nu-value-ext v0.23.0 (https://github.com/daschl/nushell.git?branch=main#1cbfb2ab) (*)
│   │   └── num-traits v0.2.12 (*)
│   ├── nu_plugin_to_sqlite v0.23.0 (https://github.com/daschl/nushell.git?branch=main#1cbfb2ab)
│   │   ├── hex v0.4.2
│   │   ├── nu-errors v0.23.0 (https://github.com/daschl/nushell.git?branch=main#1cbfb2ab) (*)
│   │   ├── nu-plugin v0.23.0 (https://github.com/daschl/nushell.git?branch=main#1cbfb2ab) (*)
│   │   ├── nu-protocol v0.23.0 (https://github.com/daschl/nushell.git?branch=main#1cbfb2ab) (*)
│   │   ├── nu-source v0.23.0 (https://github.com/daschl/nushell.git?branch=main#1cbfb2ab) (*)
│   │   ├── nu-value-ext v0.23.0 (https://github.com/daschl/nushell.git?branch=main#1cbfb2ab) (*)
│   │   ├── num-traits v0.2.12 (*)
│   │   ├── rusqlite v0.24.1 (*)
│   │   └── tempfile v3.1.0 (*)
│   ├── nu_plugin_tree v0.23.0 (https://github.com/daschl/nushell.git?branch=main#1cbfb2ab)
│   │   ├── derive-new v0.5.8 (*)
│   │   ├── nu-errors v0.23.0 (https://github.com/daschl/nushell.git?branch=main#1cbfb2ab) (*)
│   │   ├── nu-plugin v0.23.0 (https://github.com/daschl/nushell.git?branch=main#1cbfb2ab) (*)
│   │   ├── nu-protocol v0.23.0 (https://github.com/daschl/nushell.git?branch=main#1cbfb2ab) (*)
│   │   ├── nu-source v0.23.0 (https://github.com/daschl/nushell.git?branch=main#1cbfb2ab) (*)
│   │   └── ptree v0.3.0 (*)
│   ├── nu_plugin_xpath v0.23.0 (https://github.com/daschl/nushell.git?branch=main#1cbfb2ab)
│   │   ├── bigdecimal v0.2.0 (*)
│   │   ├── indexmap v1.6.0 (*)
│   │   ├── nu-errors v0.23.0 (https://github.com/daschl/nushell.git?branch=main#1cbfb2ab) (*)
│   │   ├── nu-plugin v0.23.0 (https://github.com/daschl/nushell.git?branch=main#1cbfb2ab) (*)
│   │   ├── nu-protocol v0.23.0 (https://github.com/daschl/nushell.git?branch=main#1cbfb2ab) (*)
│   │   ├── nu-source v0.23.0 (https://github.com/daschl/nushell.git?branch=main#1cbfb2ab) (*)
│   │   ├── sxd-document v0.3.2 (*)
│   │   └── sxd-xpath v0.4.2 (*)
│   └── pretty_env_logger v0.4.0
│       ├── env_logger v0.7.1 (*)
│       └── log v0.4.11 (*)
├── nu-cli v0.23.0 (https://github.com/daschl/nushell.git?branch=main#1cbfb2ab) (*)
├── nu-errors v0.23.0 (https://github.com/daschl/nushell.git?branch=main#1cbfb2ab) (*)
├── nu-protocol v0.23.0 (https://github.com/daschl/nushell.git?branch=main#1cbfb2ab) (*)
├── nu-source v0.23.0 (https://github.com/daschl/nushell.git?branch=main#1cbfb2ab) (*)
├── num-bigint v0.3.0 (*)
├── pretty_env_logger v0.3.1
│   ├── chrono v0.4.19 (*)
│   ├── env_logger v0.6.2
│   │   ├── atty v0.2.14 (*)
│   │   ├── humantime v1.3.0 (*)
│   │   ├── log v0.4.11 (*)
│   │   ├── regex v1.4.1 (*)
│   │   └── termcolor v1.1.0
│   └── log v0.4.11 (*)
├── regex v1.4.1 (*)
├── reqwest v0.10.8 (*)
├── rpassword v4.0.5
│   └── libc v0.2.79
├── rust-embed v5.6.0 (*)
├── serde v1.0.117 (*)
├── serde_json v1.0.59 (*)
├── structopt v0.3.20
│   ├── clap v2.33.3 (*)
│   ├── lazy_static v1.4.0
│   └── structopt-derive v0.4.13
│       ├── heck v0.3.1
│       │   └── unicode-segmentation v1.6.0
│       ├── proc-macro-error v1.0.4 (*)
│       ├── proc-macro2 v1.0.24 (*)
│       ├── quote v1.0.7 (*)
│       └── syn v1.0.45 (*)
├── tera v1.5.0
│   ├── chrono v0.4.19 (*)
│   ├── chrono-tz v0.5.3 (*)
│   ├── globwalk v0.8.0
│   │   ├── bitflags v1.2.1
│   │   ├── ignore v0.4.16
│   │   │   ├── crossbeam-utils v0.7.2 (*)
│   │   │   ├── globset v0.4.5 (*)
│   │   │   ├── lazy_static v1.4.0
│   │   │   ├── log v0.4.11 (*)
│   │   │   ├── memchr v2.3.3
│   │   │   ├── regex v1.4.1 (*)
│   │   │   ├── same-file v1.0.6
│   │   │   ├── thread_local v1.0.1 (*)
│   │   │   └── walkdir v2.3.1 (*)
│   │   └── walkdir v2.3.1 (*)
│   ├── humansize v1.1.0
│   ├── lazy_static v1.4.0
│   ├── percent-encoding v2.1.0
│   ├── pest v2.1.3 (*)
│   ├── pest_derive v2.1.0 (*)
│   ├── rand v0.7.3 (*)
│   ├── regex v1.4.1 (*)
│   ├── serde v1.0.117 (*)
│   ├── serde_json v1.0.59 (*)
│   ├── slug v0.1.4
│   │   └── deunicode v0.4.3
│   └── unic-segment v0.9.0
│       └── unic-ucd-segment v0.9.0
│           ├── unic-char-property v0.9.0
│           │   └── unic-char-range v0.9.0
│           ├── unic-char-range v0.9.0
│           └── unic-ucd-version v0.9.0
│               └── unic-common v0.9.0
├── tokio v0.2.22 (*)
├── toml v0.5.7 (*)
├── url v2.1.1 (*)
├── uuid v0.8.1 (*)
└── warp v0.2.5
    ├── bytes v0.5.6
    ├── futures v0.3.6 (*)
    ├── headers v0.3.2
    │   ├── base64 v0.12.3
    │   ├── bitflags v1.2.1
    │   ├── bytes v0.5.6
    │   ├── headers-core v0.2.0
    │   │   └── http v0.2.1 (*)
    │   ├── http v0.2.1 (*)
    │   ├── mime v0.3.16
    │   ├── sha-1 v0.8.2 (*)
    │   └── time v0.1.44 (*)
    ├── http v0.2.1 (*)
    ├── hyper v0.13.8 (*)
    ├── log v0.4.11 (*)
    ├── mime v0.3.16
    ├── mime_guess v2.0.3 (*)
    ├── multipart v0.17.0
    │   ├── buf_redux v0.8.4
    │   │   ├── memchr v2.3.3
    │   │   └── safemem v0.3.3
    │   ├── httparse v1.3.4
    │   ├── log v0.4.11 (*)
    │   ├── mime v0.3.16
    │   ├── mime_guess v2.0.3 (*)
    │   ├── quick-error v1.2.3
    │   ├── rand v0.6.5
    │   │   ├── libc v0.2.79
    │   │   ├── rand_chacha v0.1.1
    │   │   │   └── rand_core v0.3.1
    │   │   │       └── rand_core v0.4.2
    │   │   │   [build-dependencies]
    │   │   │   └── autocfg v0.1.7
    │   │   ├── rand_core v0.4.2
    │   │   ├── rand_hc v0.1.0
    │   │   │   └── rand_core v0.3.1 (*)
    │   │   ├── rand_isaac v0.1.1
    │   │   │   └── rand_core v0.3.1 (*)
    │   │   ├── rand_jitter v0.1.4
    │   │   │   ├── libc v0.2.79
    │   │   │   └── rand_core v0.4.2
    │   │   ├── rand_os v0.1.3
    │   │   │   ├── libc v0.2.79
    │   │   │   └── rand_core v0.4.2
    │   │   ├── rand_pcg v0.1.2
    │   │   │   └── rand_core v0.4.2
    │   │   │   [build-dependencies]
    │   │   │   └── autocfg v0.1.7
    │   │   └── rand_xorshift v0.1.1
    │   │       └── rand_core v0.3.1 (*)
    │   │   [build-dependencies]
    │   │   └── autocfg v0.1.7
    │   ├── safemem v0.3.3
    │   ├── tempfile v3.1.0 (*)
    │   └── twoway v0.1.8
    │       └── memchr v2.3.3
    ├── pin-project v0.4.27 (*)
    ├── scoped-tls v1.0.0
    ├── serde v1.0.117 (*)
    ├── serde_json v1.0.59 (*)
    ├── serde_urlencoded v0.6.1 (*)
    ├── tokio v0.2.22 (*)
    ├── tokio-tungstenite v0.11.0
    │   ├── futures-util v0.3.6 (*)
    │   ├── log v0.4.11 (*)
    │   ├── pin-project v0.4.27 (*)
    │   ├── tokio v0.2.22 (*)
    │   └── tungstenite v0.11.1
    │       ├── base64 v0.12.3
    │       ├── byteorder v1.3.4
    │       ├── bytes v0.5.6
    │       ├── http v0.2.1 (*)
    │       ├── httparse v1.3.4
    │       ├── input_buffer v0.3.1
    │       │   └── bytes v0.5.6
    │       ├── log v0.4.11 (*)
    │       ├── rand v0.7.3 (*)
    │       ├── sha-1 v0.9.1
    │       │   ├── block-buffer v0.9.0 (*)
    │       │   ├── cfg-if v0.1.10
    │       │   ├── cpuid-bool v0.1.2
    │       │   ├── digest v0.9.0 (*)
    │       │   └── opaque-debug v0.3.0
    │       ├── url v2.1.1 (*)
    │       └── utf-8 v0.7.5
    ├── tower-service v0.3.0
    ├── tracing v0.1.21 (*)
    ├── tracing-futures v0.2.4
    │   ├── pin-project v0.4.27 (*)
    │   └── tracing v0.1.21 (*)
    └── urlencoding v1.1.1
[dev-dependencies]
├── dunce v1.0.1
├── lazy_static v1.4.0
└── nu-test-support v0.18.1
    ├── directories v2.0.2 (*)
    ├── dunce v1.0.1
    ├── getset v0.1.1 (*)
    ├── glob v0.3.0
    ├── indexmap v1.6.0 (*)
    ├── nu-parser v0.18.1
    │   ├── bigdecimal v0.1.2
    │   │   ├── num-bigint v0.2.6 (*)
    │   │   ├── num-integer v0.1.43 (*)
    │   │   ├── num-traits v0.2.12 (*)
    │   │   └── serde v1.0.117 (*)
    │   ├── codespan-reporting v0.9.5 (*)
    │   ├── derive-new v0.5.8 (*)
    │   ├── indexmap v1.6.0 (*)
    │   ├── log v0.4.11 (*)
    │   ├── nu-errors v0.18.1
    │   │   ├── ansi_term v0.12.1
    │   │   ├── bigdecimal v0.1.2 (*)
    │   │   ├── codespan-reporting v0.9.5 (*)
    │   │   ├── derive-new v0.5.8 (*)
    │   │   ├── getset v0.1.1 (*)
    │   │   ├── glob v0.3.0
    │   │   ├── nu-source v0.18.1
    │   │   │   ├── codespan-reporting v0.9.5 (*)
    │   │   │   ├── derive-new v0.5.8 (*)
    │   │   │   ├── getset v0.1.1 (*)
    │   │   │   ├── pretty v0.5.2 (*)
    │   │   │   ├── serde v1.0.117 (*)
    │   │   │   └── termcolor v1.1.0
    │   │   ├── num-bigint v0.2.6 (*)
    │   │   ├── num-traits v0.2.12 (*)
    │   │   ├── serde v1.0.117 (*)
    │   │   ├── serde_json v1.0.59 (*)
    │   │   ├── serde_yaml v0.8.13 (*)
    │   │   └── toml v0.5.7 (*)
    │   ├── nu-protocol v0.18.1
    │   │   ├── ansi_term v0.12.1
    │   │   ├── bigdecimal v0.1.2 (*)
    │   │   ├── byte-unit v3.1.4
    │   │   ├── chrono v0.4.19 (*)
    │   │   ├── codespan-reporting v0.9.5 (*)
    │   │   ├── derive-new v0.5.8 (*)
    │   │   ├── getset v0.1.1 (*)
    │   │   ├── indexmap v1.6.0 (*)
    │   │   ├── itertools v0.9.0 (*)
    │   │   ├── log v0.4.11 (*)
    │   │   ├── natural v0.5.0
    │   │   │   └── rust-stemmers v1.2.0
    │   │   │       ├── serde v1.0.117 (*)
    │   │   │       └── serde_derive v1.0.117 (*)
    │   │   ├── nu-errors v0.18.1 (*)
    │   │   ├── nu-source v0.18.1 (*)
    │   │   ├── num-bigint v0.2.6 (*)
    │   │   ├── num-integer v0.1.43 (*)
    │   │   ├── num-traits v0.2.12 (*)
    │   │   ├── query_interface v0.3.5
    │   │   ├── serde v1.0.117 (*)
    │   │   ├── serde_bytes v0.11.5 (*)
    │   │   ├── serde_json v1.0.59 (*)
    │   │   ├── serde_yaml v0.8.13 (*)
    │   │   ├── toml v0.5.7 (*)
    │   │   └── typetag v0.1.6
    │   │       ├── erased-serde v0.3.12
    │   │       │   └── serde v1.0.117 (*)
    │   │       ├── inventory v0.1.9
    │   │       │   ├── ctor v0.1.16
    │   │       │   │   ├── quote v1.0.7 (*)
    │   │       │   │   └── syn v1.0.45 (*)
    │   │       │   ├── ghost v0.1.2
    │   │       │   │   ├── proc-macro2 v1.0.24 (*)
    │   │       │   │   ├── quote v1.0.7 (*)
    │   │       │   │   └── syn v1.0.45 (*)
    │   │       │   └── inventory-impl v0.1.9
    │   │       │       ├── proc-macro2 v1.0.24 (*)
    │   │       │       ├── quote v1.0.7 (*)
    │   │       │       └── syn v1.0.45 (*)
    │   │       ├── lazy_static v1.4.0
    │   │       ├── serde v1.0.117 (*)
    │   │       └── typetag-impl v0.1.6
    │   │           ├── proc-macro2 v1.0.24 (*)
    │   │           ├── quote v1.0.7 (*)
    │   │           └── syn v1.0.45 (*)
    │   ├── nu-source v0.18.1 (*)
    │   ├── num-bigint v0.2.6 (*)
    │   ├── num-traits v0.2.12 (*)
    │   ├── parking_lot v0.11.0 (*)
    │   ├── serde v1.0.117 (*)
    │   └── shellexpand v2.0.0 (*)
    ├── nu-protocol v0.18.1 (*)
    ├── nu-source v0.18.1 (*)
    └── tempfile v3.1.0 (*)
